<?xml version="1.0" encoding="UTF-8"?>
<testsuites name="Amazon Search" time="174.084" tests="10" failures="0" errors="0">
   <testsuite name="Amazon Search" tests="10" failures="0" errors="0" time="174.084" skipped="0" timestamp="25-01-2024T20:04:00" hostname="tejac - LAPTOP-5AA6QQL1" id="Test Suites/Amazon Validation/Amazon Search">
      <properties>
         <property name="deviceName" value=""/>
         <property name="devicePlatform" value=""/>
         <property name="logFolder" value="C:\\Users\\tejac\\git\\Amazon-App\\Reports\\20240125_200354\\Amazon Validation\\Amazon Search\\20240125_200354"/>
         <property name="logFiles" value="C:\\Users\\tejac\\git\\Amazon-App\\Reports\\20240125_200354\\Amazon Validation\\Amazon Search\\20240125_200354\\execution0.log"/>
         <property name="attachments" value="C:\\Users\\tejac\\git\\Amazon-App\\Reports\\20240125_200354\\Amazon Validation\\Amazon Search\\20240125_200354\\1706193352346.png"/>
         <property name="hostName" value="tejac - LAPTOP-5AA6QQL1"/>
         <property name="os" value="Windows 11 64bit"/>
         <property name="katalonVersion" value="9.2.0.212"/>
         <property name="browser" value="Chrome 121.0.0.0"/>
         <property name="hostAddress" value="192.168.0.143"/>
         <property name="sessionId" value="5fb363f7a856f57cb6445462da18371f"/>
         <property name="seleniumVersion" value="3.141.59"/>
         <property name="proxyInformation" value="ProxyInformation { proxyOption=NO_PROXY, proxyServerType=HTTP, username=, password=********, proxyServerAddress=, proxyServerPort=0, executionList=&quot;&quot;, isApplyToDesiredCapabilities=true }"/>
         <property name="platform" value="Windows 11"/>
      </properties>
      <testcase name="Test Cases/Data_Driven_Testing/TC_Amazon_Sarch_02" time="18.655" classname="Test Cases/Data_Driven_Testing/TC_Amazon_Sarch_02" status="PASSED">
         <system-out><![CDATA[25-01-2024T20:04:01 - [TEST_CASE][PASSED] - Test Cases/Data_Driven_Testing/TC_Amazon_Sarch_02: Test Cases/Data_Driven_Testing/TC_Amazon_Sarch_02

25-01-2024T20:04:01 - [TEST_STEP][PASSED] - openBrowser(""): Browser is opened with url: ''

25-01-2024T20:04:02 - [MESSAGE][INFO] - Starting 'Chrome' driver

25-01-2024T20:04:02 - [MESSAGE][INFO] - Action delay is set to 0 milliseconds

25-01-2024T20:04:05 - [MESSAGE][PASSED] - Browser is opened with url: ''

25-01-2024T20:04:05 - [TEST_STEP][PASSED] - navigateToUrl("https://www.amazon.com/"): Navigate to 'https://www.amazon.com/' successfully

25-01-2024T20:04:07 - [MESSAGE][PASSED] - Navigate to 'https://www.amazon.com/' successfully

25-01-2024T20:04:07 - [TEST_STEP][PASSED] - selectOptionByValue(findTestObject("Object Repository/Amazon_Login_OR/Page_Amazon.com. Spend less. Smile more/select_All Departments        Arts  Crafts _135c92"), "search-alias=electronics-intl-ship", true): All options with value 'search-alias=electronics-intl-ship' are selected in object 'Object Repository/Amazon_Login_OR/Page_Amazon.com. Spend less. Smile more/select_All Departments        Arts  Crafts _135c92'  using regular expression

25-01-2024T20:04:11 - [MESSAGE][PASSED] - All options with value 'search-alias=electronics-intl-ship' are selected in object 'Object Repository/Amazon_Login_OR/Page_Amazon.com. Spend less. Smile more/select_All Departments        Arts  Crafts _135c92'  using regular expression

25-01-2024T20:04:11 - [TEST_STEP][PASSED] - setText(findTestObject("Object Repository/Amazon_Login_OR/Page_Amazon.com. Spend less. Smile more/input_field-keywords"), "Alexa"): Text 'Alexa' is set on object 'Object Repository/Amazon_Login_OR/Page_Amazon.com. Spend less. Smile more/input_field-keywords'

25-01-2024T20:04:12 - [MESSAGE][PASSED] - Text 'Alexa' is set on object 'Object Repository/Amazon_Login_OR/Page_Amazon.com. Spend less. Smile more/input_field-keywords'

25-01-2024T20:04:12 - [TEST_STEP][PASSED] - click(findTestObject("Object Repository/Amazon_Login_OR/Page_Amazon.com. Spend less. Smile more/inputnav-search-submit-button")): Object: 'Object Repository/Amazon_Login_OR/Page_Amazon.com. Spend less. Smile more/inputnav-search-submit-button' is clicked on

25-01-2024T20:04:19 - [MESSAGE][PASSED] - Object: 'Object Repository/Amazon_Login_OR/Page_Amazon.com. Spend less. Smile more/inputnav-search-submit-button' is clicked on

25-01-2024T20:04:19 - [TEST_STEP][PASSED] - closeBrowser(): Browser is closed

25-01-2024T20:04:19 - [MESSAGE][PASSED] - Browser is closed]]></system-out>
         <system-err><![CDATA[]]></system-err>
      </testcase>
      <testcase name="Test Cases/Data_Driven_Testing/TC_Amazon_Sarch_02" time="12.454" classname="Test Cases/Data_Driven_Testing/TC_Amazon_Sarch_02" status="PASSED">
         <system-out><![CDATA[25-01-2024T20:04:19 - [TEST_CASE][PASSED] - Test Cases/Data_Driven_Testing/TC_Amazon_Sarch_02: Test Cases/Data_Driven_Testing/TC_Amazon_Sarch_02

25-01-2024T20:04:19 - [TEST_STEP][PASSED] - openBrowser(""): Browser is opened with url: ''

25-01-2024T20:04:19 - [MESSAGE][INFO] - Starting 'Chrome' driver

25-01-2024T20:04:19 - [MESSAGE][INFO] - Action delay is set to 0 milliseconds

25-01-2024T20:04:21 - [MESSAGE][PASSED] - Browser is opened with url: ''

25-01-2024T20:04:21 - [TEST_STEP][PASSED] - navigateToUrl("https://www.amazon.com/"): Navigate to 'https://www.amazon.com/' successfully

25-01-2024T20:04:24 - [MESSAGE][PASSED] - Navigate to 'https://www.amazon.com/' successfully

25-01-2024T20:04:24 - [TEST_STEP][PASSED] - selectOptionByValue(findTestObject("Object Repository/Amazon_Login_OR/Page_Amazon.com. Spend less. Smile more/select_All Departments        Arts  Crafts _135c92"), "search-alias=electronics-intl-ship", true): All options with value 'search-alias=electronics-intl-ship' are selected in object 'Object Repository/Amazon_Login_OR/Page_Amazon.com. Spend less. Smile more/select_All Departments        Arts  Crafts _135c92'  using regular expression

25-01-2024T20:04:26 - [MESSAGE][PASSED] - All options with value 'search-alias=electronics-intl-ship' are selected in object 'Object Repository/Amazon_Login_OR/Page_Amazon.com. Spend less. Smile more/select_All Departments        Arts  Crafts _135c92'  using regular expression

25-01-2024T20:04:26 - [TEST_STEP][PASSED] - setText(findTestObject("Object Repository/Amazon_Login_OR/Page_Amazon.com. Spend less. Smile more/input_field-keywords"), "Alexa"): Text 'Alexa' is set on object 'Object Repository/Amazon_Login_OR/Page_Amazon.com. Spend less. Smile more/input_field-keywords'

25-01-2024T20:04:27 - [MESSAGE][PASSED] - Text 'Alexa' is set on object 'Object Repository/Amazon_Login_OR/Page_Amazon.com. Spend less. Smile more/input_field-keywords'

25-01-2024T20:04:27 - [TEST_STEP][PASSED] - click(findTestObject("Object Repository/Amazon_Login_OR/Page_Amazon.com. Spend less. Smile more/inputnav-search-submit-button")): Object: 'Object Repository/Amazon_Login_OR/Page_Amazon.com. Spend less. Smile more/inputnav-search-submit-button' is clicked on

25-01-2024T20:04:31 - [MESSAGE][PASSED] - Object: 'Object Repository/Amazon_Login_OR/Page_Amazon.com. Spend less. Smile more/inputnav-search-submit-button' is clicked on

25-01-2024T20:04:31 - [TEST_STEP][PASSED] - closeBrowser(): Browser is closed

25-01-2024T20:04:32 - [MESSAGE][PASSED] - Browser is closed]]></system-out>
         <system-err><![CDATA[]]></system-err>
      </testcase>
      <testcase name="Test Cases/Data_Driven_Testing/TC_Amazon_Sarch_02" time="15.455" classname="Test Cases/Data_Driven_Testing/TC_Amazon_Sarch_02" status="PASSED">
         <system-out><![CDATA[25-01-2024T20:04:32 - [TEST_CASE][PASSED] - Test Cases/Data_Driven_Testing/TC_Amazon_Sarch_02: Test Cases/Data_Driven_Testing/TC_Amazon_Sarch_02

25-01-2024T20:04:32 - [TEST_STEP][PASSED] - openBrowser(""): Browser is opened with url: ''

25-01-2024T20:04:32 - [MESSAGE][INFO] - Starting 'Chrome' driver

25-01-2024T20:04:32 - [MESSAGE][INFO] - Action delay is set to 0 milliseconds

25-01-2024T20:04:33 - [MESSAGE][PASSED] - Browser is opened with url: ''

25-01-2024T20:04:33 - [TEST_STEP][PASSED] - navigateToUrl("https://www.amazon.com/"): Navigate to 'https://www.amazon.com/' successfully

25-01-2024T20:04:36 - [MESSAGE][PASSED] - Navigate to 'https://www.amazon.com/' successfully

25-01-2024T20:04:36 - [TEST_STEP][PASSED] - selectOptionByValue(findTestObject("Object Repository/Amazon_Login_OR/Page_Amazon.com. Spend less. Smile more/select_All Departments        Arts  Crafts _135c92"), "search-alias=electronics-intl-ship", true): All options with value 'search-alias=electronics-intl-ship' are selected in object 'Object Repository/Amazon_Login_OR/Page_Amazon.com. Spend less. Smile more/select_All Departments        Arts  Crafts _135c92'  using regular expression

25-01-2024T20:04:38 - [MESSAGE][PASSED] - All options with value 'search-alias=electronics-intl-ship' are selected in object 'Object Repository/Amazon_Login_OR/Page_Amazon.com. Spend less. Smile more/select_All Departments        Arts  Crafts _135c92'  using regular expression

25-01-2024T20:04:38 - [TEST_STEP][PASSED] - setText(findTestObject("Object Repository/Amazon_Login_OR/Page_Amazon.com. Spend less. Smile more/input_field-keywords"), "Alexa"): Text 'Alexa' is set on object 'Object Repository/Amazon_Login_OR/Page_Amazon.com. Spend less. Smile more/input_field-keywords'

25-01-2024T20:04:40 - [MESSAGE][PASSED] - Text 'Alexa' is set on object 'Object Repository/Amazon_Login_OR/Page_Amazon.com. Spend less. Smile more/input_field-keywords'

25-01-2024T20:04:40 - [TEST_STEP][PASSED] - click(findTestObject("Object Repository/Amazon_Login_OR/Page_Amazon.com. Spend less. Smile more/inputnav-search-submit-button")): Object: 'Object Repository/Amazon_Login_OR/Page_Amazon.com. Spend less. Smile more/inputnav-search-submit-button' is clicked on

25-01-2024T20:04:47 - [MESSAGE][PASSED] - Object: 'Object Repository/Amazon_Login_OR/Page_Amazon.com. Spend less. Smile more/inputnav-search-submit-button' is clicked on

25-01-2024T20:04:47 - [TEST_STEP][PASSED] - closeBrowser(): Browser is closed

25-01-2024T20:04:47 - [MESSAGE][PASSED] - Browser is closed]]></system-out>
         <system-err><![CDATA[]]></system-err>
      </testcase>
      <testcase name="Test Cases/Data_Driven_Testing/TC_Amazon_Sarch_02" time="13.937" classname="Test Cases/Data_Driven_Testing/TC_Amazon_Sarch_02" status="PASSED">
         <system-out><![CDATA[25-01-2024T20:04:47 - [TEST_CASE][PASSED] - Test Cases/Data_Driven_Testing/TC_Amazon_Sarch_02: Test Cases/Data_Driven_Testing/TC_Amazon_Sarch_02

25-01-2024T20:04:47 - [TEST_STEP][PASSED] - openBrowser(""): Browser is opened with url: ''

25-01-2024T20:04:47 - [MESSAGE][INFO] - Starting 'Chrome' driver

25-01-2024T20:04:47 - [MESSAGE][INFO] - Action delay is set to 0 milliseconds

25-01-2024T20:04:49 - [MESSAGE][PASSED] - Browser is opened with url: ''

25-01-2024T20:04:49 - [TEST_STEP][PASSED] - navigateToUrl("https://www.amazon.com/"): Navigate to 'https://www.amazon.com/' successfully

25-01-2024T20:04:49 - [MESSAGE][PASSED] - Navigate to 'https://www.amazon.com/' successfully

25-01-2024T20:04:49 - [TEST_STEP][PASSED] - selectOptionByValue(findTestObject("Object Repository/Amazon_Login_OR/Page_Amazon.com. Spend less. Smile more/select_All Departments        Arts  Crafts _135c92"), "search-alias=electronics-intl-ship", true): All options with value 'search-alias=electronics-intl-ship' are selected in object 'Object Repository/Amazon_Login_OR/Page_Amazon.com. Spend less. Smile more/select_All Departments        Arts  Crafts _135c92'  using regular expression

25-01-2024T20:04:53 - [MESSAGE][PASSED] - All options with value 'search-alias=electronics-intl-ship' are selected in object 'Object Repository/Amazon_Login_OR/Page_Amazon.com. Spend less. Smile more/select_All Departments        Arts  Crafts _135c92'  using regular expression

25-01-2024T20:04:53 - [TEST_STEP][PASSED] - setText(findTestObject("Object Repository/Amazon_Login_OR/Page_Amazon.com. Spend less. Smile more/input_field-keywords"), "Alexa"): Text 'Alexa' is set on object 'Object Repository/Amazon_Login_OR/Page_Amazon.com. Spend less. Smile more/input_field-keywords'

25-01-2024T20:04:54 - [MESSAGE][PASSED] - Text 'Alexa' is set on object 'Object Repository/Amazon_Login_OR/Page_Amazon.com. Spend less. Smile more/input_field-keywords'

25-01-2024T20:04:54 - [TEST_STEP][PASSED] - click(findTestObject("Object Repository/Amazon_Login_OR/Page_Amazon.com. Spend less. Smile more/inputnav-search-submit-button")): Object: 'Object Repository/Amazon_Login_OR/Page_Amazon.com. Spend less. Smile more/inputnav-search-submit-button' is clicked on

25-01-2024T20:05:01 - [MESSAGE][PASSED] - Object: 'Object Repository/Amazon_Login_OR/Page_Amazon.com. Spend less. Smile more/inputnav-search-submit-button' is clicked on

25-01-2024T20:05:01 - [TEST_STEP][PASSED] - closeBrowser(): Browser is closed

25-01-2024T20:05:01 - [MESSAGE][PASSED] - Browser is closed]]></system-out>
         <system-err><![CDATA[]]></system-err>
      </testcase>
      <testcase name="Test Cases/Data_Driven_Testing/TC_Amazon_Sarch_02" time="13.48" classname="Test Cases/Data_Driven_Testing/TC_Amazon_Sarch_02" status="PASSED">
         <system-out><![CDATA[25-01-2024T20:05:01 - [TEST_CASE][PASSED] - Test Cases/Data_Driven_Testing/TC_Amazon_Sarch_02: Test Cases/Data_Driven_Testing/TC_Amazon_Sarch_02

25-01-2024T20:05:01 - [TEST_STEP][PASSED] - openBrowser(""): Browser is opened with url: ''

25-01-2024T20:05:01 - [MESSAGE][INFO] - Starting 'Chrome' driver

25-01-2024T20:05:01 - [MESSAGE][INFO] - Action delay is set to 0 milliseconds

25-01-2024T20:05:03 - [MESSAGE][PASSED] - Browser is opened with url: ''

25-01-2024T20:05:03 - [TEST_STEP][PASSED] - navigateToUrl("https://www.amazon.com/"): Navigate to 'https://www.amazon.com/' successfully

25-01-2024T20:05:05 - [MESSAGE][PASSED] - Navigate to 'https://www.amazon.com/' successfully

25-01-2024T20:05:05 - [TEST_STEP][PASSED] - selectOptionByValue(findTestObject("Object Repository/Amazon_Login_OR/Page_Amazon.com. Spend less. Smile more/select_All Departments        Arts  Crafts _135c92"), "search-alias=electronics-intl-ship", true): All options with value 'search-alias=electronics-intl-ship' are selected in object 'Object Repository/Amazon_Login_OR/Page_Amazon.com. Spend less. Smile more/select_All Departments        Arts  Crafts _135c92'  using regular expression

25-01-2024T20:05:07 - [MESSAGE][PASSED] - All options with value 'search-alias=electronics-intl-ship' are selected in object 'Object Repository/Amazon_Login_OR/Page_Amazon.com. Spend less. Smile more/select_All Departments        Arts  Crafts _135c92'  using regular expression

25-01-2024T20:05:07 - [TEST_STEP][PASSED] - setText(findTestObject("Object Repository/Amazon_Login_OR/Page_Amazon.com. Spend less. Smile more/input_field-keywords"), "Alexa"): Text 'Alexa' is set on object 'Object Repository/Amazon_Login_OR/Page_Amazon.com. Spend less. Smile more/input_field-keywords'

25-01-2024T20:05:09 - [MESSAGE][PASSED] - Text 'Alexa' is set on object 'Object Repository/Amazon_Login_OR/Page_Amazon.com. Spend less. Smile more/input_field-keywords'

25-01-2024T20:05:09 - [TEST_STEP][PASSED] - click(findTestObject("Object Repository/Amazon_Login_OR/Page_Amazon.com. Spend less. Smile more/inputnav-search-submit-button")): Object: 'Object Repository/Amazon_Login_OR/Page_Amazon.com. Spend less. Smile more/inputnav-search-submit-button' is clicked on

25-01-2024T20:05:14 - [MESSAGE][PASSED] - Object: 'Object Repository/Amazon_Login_OR/Page_Amazon.com. Spend less. Smile more/inputnav-search-submit-button' is clicked on

25-01-2024T20:05:14 - [TEST_STEP][PASSED] - closeBrowser(): Browser is closed

25-01-2024T20:05:15 - [MESSAGE][PASSED] - Browser is closed]]></system-out>
         <system-err><![CDATA[]]></system-err>
      </testcase>
      <testcase name="Test Cases/Data_Driven_Testing/TC_Amazon_Sarch_02" time="14.926" classname="Test Cases/Data_Driven_Testing/TC_Amazon_Sarch_02" status="PASSED">
         <system-out><![CDATA[25-01-2024T20:05:15 - [TEST_CASE][PASSED] - Test Cases/Data_Driven_Testing/TC_Amazon_Sarch_02: Test Cases/Data_Driven_Testing/TC_Amazon_Sarch_02

25-01-2024T20:05:15 - [TEST_STEP][PASSED] - openBrowser(""): Browser is opened with url: ''

25-01-2024T20:05:15 - [MESSAGE][INFO] - Starting 'Chrome' driver

25-01-2024T20:05:15 - [MESSAGE][INFO] - Action delay is set to 0 milliseconds

25-01-2024T20:05:16 - [MESSAGE][PASSED] - Browser is opened with url: ''

25-01-2024T20:05:16 - [TEST_STEP][PASSED] - navigateToUrl("https://www.amazon.com/"): Navigate to 'https://www.amazon.com/' successfully

25-01-2024T20:05:18 - [MESSAGE][PASSED] - Navigate to 'https://www.amazon.com/' successfully

25-01-2024T20:05:18 - [TEST_STEP][PASSED] - selectOptionByValue(findTestObject("Object Repository/Amazon_Login_OR/Page_Amazon.com. Spend less. Smile more/select_All Departments        Arts  Crafts _135c92"), "search-alias=electronics-intl-ship", true): All options with value 'search-alias=electronics-intl-ship' are selected in object 'Object Repository/Amazon_Login_OR/Page_Amazon.com. Spend less. Smile more/select_All Departments        Arts  Crafts _135c92'  using regular expression

25-01-2024T20:05:20 - [MESSAGE][PASSED] - All options with value 'search-alias=electronics-intl-ship' are selected in object 'Object Repository/Amazon_Login_OR/Page_Amazon.com. Spend less. Smile more/select_All Departments        Arts  Crafts _135c92'  using regular expression

25-01-2024T20:05:20 - [TEST_STEP][PASSED] - setText(findTestObject("Object Repository/Amazon_Login_OR/Page_Amazon.com. Spend less. Smile more/input_field-keywords"), "Alexa"): Text 'Alexa' is set on object 'Object Repository/Amazon_Login_OR/Page_Amazon.com. Spend less. Smile more/input_field-keywords'

25-01-2024T20:05:23 - [MESSAGE][PASSED] - Text 'Alexa' is set on object 'Object Repository/Amazon_Login_OR/Page_Amazon.com. Spend less. Smile more/input_field-keywords'

25-01-2024T20:05:23 - [TEST_STEP][PASSED] - click(findTestObject("Object Repository/Amazon_Login_OR/Page_Amazon.com. Spend less. Smile more/inputnav-search-submit-button")): Object: 'Object Repository/Amazon_Login_OR/Page_Amazon.com. Spend less. Smile more/inputnav-search-submit-button' is clicked on

25-01-2024T20:05:29 - [MESSAGE][PASSED] - Object: 'Object Repository/Amazon_Login_OR/Page_Amazon.com. Spend less. Smile more/inputnav-search-submit-button' is clicked on

25-01-2024T20:05:29 - [TEST_STEP][PASSED] - closeBrowser(): Browser is closed

25-01-2024T20:05:30 - [MESSAGE][PASSED] - Browser is closed]]></system-out>
         <system-err><![CDATA[]]></system-err>
      </testcase>
      <testcase name="Test Cases/Data_Driven_Testing/TC_Amazon_Sarch_02" time="14.529" classname="Test Cases/Data_Driven_Testing/TC_Amazon_Sarch_02" status="PASSED">
         <system-out><![CDATA[25-01-2024T20:05:30 - [TEST_CASE][PASSED] - Test Cases/Data_Driven_Testing/TC_Amazon_Sarch_02: Test Cases/Data_Driven_Testing/TC_Amazon_Sarch_02

25-01-2024T20:05:30 - [TEST_STEP][PASSED] - openBrowser(""): Browser is opened with url: ''

25-01-2024T20:05:30 - [MESSAGE][INFO] - Starting 'Chrome' driver

25-01-2024T20:05:30 - [MESSAGE][INFO] - Action delay is set to 0 milliseconds

25-01-2024T20:05:32 - [MESSAGE][PASSED] - Browser is opened with url: ''

25-01-2024T20:05:32 - [TEST_STEP][PASSED] - navigateToUrl("https://www.amazon.com/"): Navigate to 'https://www.amazon.com/' successfully

25-01-2024T20:05:34 - [MESSAGE][PASSED] - Navigate to 'https://www.amazon.com/' successfully

25-01-2024T20:05:34 - [TEST_STEP][PASSED] - selectOptionByValue(findTestObject("Object Repository/Amazon_Login_OR/Page_Amazon.com. Spend less. Smile more/select_All Departments        Arts  Crafts _135c92"), "search-alias=electronics-intl-ship", true): All options with value 'search-alias=electronics-intl-ship' are selected in object 'Object Repository/Amazon_Login_OR/Page_Amazon.com. Spend less. Smile more/select_All Departments        Arts  Crafts _135c92'  using regular expression

25-01-2024T20:05:36 - [MESSAGE][PASSED] - All options with value 'search-alias=electronics-intl-ship' are selected in object 'Object Repository/Amazon_Login_OR/Page_Amazon.com. Spend less. Smile more/select_All Departments        Arts  Crafts _135c92'  using regular expression

25-01-2024T20:05:36 - [TEST_STEP][PASSED] - setText(findTestObject("Object Repository/Amazon_Login_OR/Page_Amazon.com. Spend less. Smile more/input_field-keywords"), "Alexa"): Text 'Alexa' is set on object 'Object Repository/Amazon_Login_OR/Page_Amazon.com. Spend less. Smile more/input_field-keywords'

25-01-2024T20:05:38 - [MESSAGE][PASSED] - Text 'Alexa' is set on object 'Object Repository/Amazon_Login_OR/Page_Amazon.com. Spend less. Smile more/input_field-keywords'

25-01-2024T20:05:38 - [TEST_STEP][PASSED] - click(findTestObject("Object Repository/Amazon_Login_OR/Page_Amazon.com. Spend less. Smile more/inputnav-search-submit-button")): Object: 'Object Repository/Amazon_Login_OR/Page_Amazon.com. Spend less. Smile more/inputnav-search-submit-button' is clicked on

25-01-2024T20:05:44 - [MESSAGE][PASSED] - Object: 'Object Repository/Amazon_Login_OR/Page_Amazon.com. Spend less. Smile more/inputnav-search-submit-button' is clicked on

25-01-2024T20:05:44 - [TEST_STEP][PASSED] - closeBrowser(): Browser is closed

25-01-2024T20:05:44 - [MESSAGE][PASSED] - Browser is closed]]></system-out>
         <system-err><![CDATA[]]></system-err>
      </testcase>
      <testcase name="Test Cases/Data_Driven_Testing/TC_Amazon_Sarch_02" time="24.383" classname="Test Cases/Data_Driven_Testing/TC_Amazon_Sarch_02" status="PASSED">
         <system-out><![CDATA[25-01-2024T20:05:52 - [TEST_CASE][PASSED] - Test Cases/Data_Driven_Testing/TC_Amazon_Sarch_02: Test Cases/Data_Driven_Testing/TC_Amazon_Sarch_02

25-01-2024T20:05:52 - [TEST_STEP][PASSED] - openBrowser(""): Browser is opened with url: ''

25-01-2024T20:05:52 - [MESSAGE][WARNING] - A browser is already opened. Closing browser and opening a new one

25-01-2024T20:05:53 - [MESSAGE][INFO] - Starting 'Chrome' driver

25-01-2024T20:05:53 - [MESSAGE][INFO] - Action delay is set to 0 milliseconds

25-01-2024T20:05:54 - [MESSAGE][PASSED] - Browser is opened with url: ''

25-01-2024T20:05:54 - [TEST_STEP][PASSED] - navigateToUrl("https://www.amazon.com/"): Navigate to 'https://www.amazon.com/' successfully

25-01-2024T20:05:56 - [MESSAGE][PASSED] - Navigate to 'https://www.amazon.com/' successfully

25-01-2024T20:05:56 - [TEST_STEP][PASSED] - selectOptionByValue(findTestObject("Object Repository/Amazon_Login_OR/Page_Amazon.com. Spend less. Smile more/select_All Departments        Arts  Crafts _135c92"), "search-alias=electronics-intl-ship", true): All options with value 'search-alias=electronics-intl-ship' are selected in object 'Object Repository/Amazon_Login_OR/Page_Amazon.com. Spend less. Smile more/select_All Departments        Arts  Crafts _135c92'  using regular expression

25-01-2024T20:06:09 - [MESSAGE][PASSED] - All options with value 'search-alias=electronics-intl-ship' are selected in object 'Object Repository/Amazon_Login_OR/Page_Amazon.com. Spend less. Smile more/select_All Departments        Arts  Crafts _135c92'  using regular expression

25-01-2024T20:06:09 - [TEST_STEP][PASSED] - setText(findTestObject("Object Repository/Amazon_Login_OR/Page_Amazon.com. Spend less. Smile more/input_field-keywords"), "Alexa"): Text 'Alexa' is set on object 'Object Repository/Amazon_Login_OR/Page_Amazon.com. Spend less. Smile more/input_field-keywords'

25-01-2024T20:06:10 - [MESSAGE][PASSED] - Text 'Alexa' is set on object 'Object Repository/Amazon_Login_OR/Page_Amazon.com. Spend less. Smile more/input_field-keywords'

25-01-2024T20:06:10 - [TEST_STEP][PASSED] - click(findTestObject("Object Repository/Amazon_Login_OR/Page_Amazon.com. Spend less. Smile more/inputnav-search-submit-button")): Object: 'Object Repository/Amazon_Login_OR/Page_Amazon.com. Spend less. Smile more/inputnav-search-submit-button' is clicked on

25-01-2024T20:06:16 - [MESSAGE][PASSED] - Object: 'Object Repository/Amazon_Login_OR/Page_Amazon.com. Spend less. Smile more/inputnav-search-submit-button' is clicked on

25-01-2024T20:06:16 - [TEST_STEP][PASSED] - closeBrowser(): Browser is closed

25-01-2024T20:06:17 - [MESSAGE][PASSED] - Browser is closed]]></system-out>
         <system-err><![CDATA[]]></system-err>
      </testcase>
      <testcase name="Test Cases/Data_Driven_Testing/TC_Amazon_Sarch_02" time="15.024" classname="Test Cases/Data_Driven_Testing/TC_Amazon_Sarch_02" status="PASSED">
         <system-out><![CDATA[25-01-2024T20:06:17 - [TEST_CASE][PASSED] - Test Cases/Data_Driven_Testing/TC_Amazon_Sarch_02: Test Cases/Data_Driven_Testing/TC_Amazon_Sarch_02

25-01-2024T20:06:17 - [TEST_STEP][PASSED] - openBrowser(""): Browser is opened with url: ''

25-01-2024T20:06:17 - [MESSAGE][INFO] - Starting 'Chrome' driver

25-01-2024T20:06:17 - [MESSAGE][INFO] - Action delay is set to 0 milliseconds

25-01-2024T20:06:18 - [MESSAGE][PASSED] - Browser is opened with url: ''

25-01-2024T20:06:18 - [TEST_STEP][PASSED] - navigateToUrl("https://www.amazon.com/"): Navigate to 'https://www.amazon.com/' successfully

25-01-2024T20:06:20 - [MESSAGE][PASSED] - Navigate to 'https://www.amazon.com/' successfully

25-01-2024T20:06:20 - [TEST_STEP][PASSED] - selectOptionByValue(findTestObject("Object Repository/Amazon_Login_OR/Page_Amazon.com. Spend less. Smile more/select_All Departments        Arts  Crafts _135c92"), "search-alias=electronics-intl-ship", true): All options with value 'search-alias=electronics-intl-ship' are selected in object 'Object Repository/Amazon_Login_OR/Page_Amazon.com. Spend less. Smile more/select_All Departments        Arts  Crafts _135c92'  using regular expression

25-01-2024T20:06:22 - [MESSAGE][PASSED] - All options with value 'search-alias=electronics-intl-ship' are selected in object 'Object Repository/Amazon_Login_OR/Page_Amazon.com. Spend less. Smile more/select_All Departments        Arts  Crafts _135c92'  using regular expression

25-01-2024T20:06:22 - [TEST_STEP][PASSED] - setText(findTestObject("Object Repository/Amazon_Login_OR/Page_Amazon.com. Spend less. Smile more/input_field-keywords"), "Alexa"): Text 'Alexa' is set on object 'Object Repository/Amazon_Login_OR/Page_Amazon.com. Spend less. Smile more/input_field-keywords'

25-01-2024T20:06:25 - [MESSAGE][PASSED] - Text 'Alexa' is set on object 'Object Repository/Amazon_Login_OR/Page_Amazon.com. Spend less. Smile more/input_field-keywords'

25-01-2024T20:06:25 - [TEST_STEP][PASSED] - click(findTestObject("Object Repository/Amazon_Login_OR/Page_Amazon.com. Spend less. Smile more/inputnav-search-submit-button")): Object: 'Object Repository/Amazon_Login_OR/Page_Amazon.com. Spend less. Smile more/inputnav-search-submit-button' is clicked on

25-01-2024T20:06:32 - [MESSAGE][PASSED] - Object: 'Object Repository/Amazon_Login_OR/Page_Amazon.com. Spend less. Smile more/inputnav-search-submit-button' is clicked on

25-01-2024T20:06:32 - [TEST_STEP][PASSED] - closeBrowser(): Browser is closed

25-01-2024T20:06:32 - [MESSAGE][PASSED] - Browser is closed]]></system-out>
         <system-err><![CDATA[]]></system-err>
      </testcase>
      <testcase name="Test Cases/Data_Driven_Testing/TC_Amazon_Sarch_02" time="22.3" classname="Test Cases/Data_Driven_Testing/TC_Amazon_Sarch_02" status="PASSED">
         <system-out><![CDATA[25-01-2024T20:06:32 - [TEST_CASE][PASSED] - Test Cases/Data_Driven_Testing/TC_Amazon_Sarch_02: Test Cases/Data_Driven_Testing/TC_Amazon_Sarch_02

25-01-2024T20:06:32 - [TEST_STEP][PASSED] - openBrowser(""): Browser is opened with url: ''

25-01-2024T20:06:32 - [MESSAGE][INFO] - Starting 'Chrome' driver

25-01-2024T20:06:32 - [MESSAGE][INFO] - Action delay is set to 0 milliseconds

25-01-2024T20:06:33 - [MESSAGE][PASSED] - Browser is opened with url: ''

25-01-2024T20:06:33 - [TEST_STEP][PASSED] - navigateToUrl("https://www.amazon.com/"): Navigate to 'https://www.amazon.com/' successfully

25-01-2024T20:06:35 - [MESSAGE][PASSED] - Navigate to 'https://www.amazon.com/' successfully

25-01-2024T20:06:35 - [TEST_STEP][PASSED] - selectOptionByValue(findTestObject("Object Repository/Amazon_Login_OR/Page_Amazon.com. Spend less. Smile more/select_All Departments        Arts  Crafts _135c92"), "search-alias=electronics-intl-ship", true): All options with value 'search-alias=electronics-intl-ship' are selected in object 'Object Repository/Amazon_Login_OR/Page_Amazon.com. Spend less. Smile more/select_All Departments        Arts  Crafts _135c92'  using regular expression

25-01-2024T20:06:47 - [MESSAGE][PASSED] - All options with value 'search-alias=electronics-intl-ship' are selected in object 'Object Repository/Amazon_Login_OR/Page_Amazon.com. Spend less. Smile more/select_All Departments        Arts  Crafts _135c92'  using regular expression

25-01-2024T20:06:47 - [TEST_STEP][PASSED] - setText(findTestObject("Object Repository/Amazon_Login_OR/Page_Amazon.com. Spend less. Smile more/input_field-keywords"), "Alexa"): Text 'Alexa' is set on object 'Object Repository/Amazon_Login_OR/Page_Amazon.com. Spend less. Smile more/input_field-keywords'

25-01-2024T20:06:48 - [MESSAGE][PASSED] - Text 'Alexa' is set on object 'Object Repository/Amazon_Login_OR/Page_Amazon.com. Spend less. Smile more/input_field-keywords'

25-01-2024T20:06:48 - [TEST_STEP][PASSED] - click(findTestObject("Object Repository/Amazon_Login_OR/Page_Amazon.com. Spend less. Smile more/inputnav-search-submit-button")): Object: 'Object Repository/Amazon_Login_OR/Page_Amazon.com. Spend less. Smile more/inputnav-search-submit-button' is clicked on

25-01-2024T20:06:54 - [MESSAGE][PASSED] - Object: 'Object Repository/Amazon_Login_OR/Page_Amazon.com. Spend less. Smile more/inputnav-search-submit-button' is clicked on

25-01-2024T20:06:54 - [TEST_STEP][PASSED] - closeBrowser(): Browser is closed

25-01-2024T20:06:54 - [MESSAGE][PASSED] - Browser is closed]]></system-out>
         <system-err><![CDATA[]]></system-err>
      </testcase>
      <system-out><![CDATA[25-01-2024T20:04:00 - [TEST_SUITE][FAILED] - Amazon Search: Test Cases/Data_Driven_Testing/TC_Amazon_Sarch_02 FAILED.
Reason:
com.kms.katalon.core.exception.StepFailedException: Unable to select option by value 'search-alias=electronics-intl-ship' of object 'Object Repository/Amazon_Login_OR/Page_Amazon.com. Spend less. Smile more/select_All Departments        Arts  Crafts _135c92'  using regular expression
	at com.kms.katalon.core.webui.keyword.internal.WebUIKeywordMain.stepFailed(WebUIKeywordMain.groovy:64)
	at com.kms.katalon.core.webui.keyword.internal.WebUIKeywordMain.runKeyword(WebUIKeywordMain.groovy:26)
	at com.kms.katalon.core.webui.keyword.builtin.SelectOptionByValueKeyword.selectOptionByValue(SelectOptionByValueKeyword.groovy:99)
	at com.kms.katalon.core.webui.keyword.builtin.SelectOptionByValueKeyword.execute(SelectOptionByValueKeyword.groovy:71)
	at com.kms.katalon.core.keyword.internal.KeywordExecutor.executeKeywordForPlatform(KeywordExecutor.groovy:74)
	at com.kms.katalon.core.webui.keyword.WebUiBuiltInKeywords.selectOptionByValue(WebUiBuiltInKeywords.groovy:1207)
	at TC_Amazon_Sarch_02.run(TC_Amazon_Sarch_02:24)
	at com.kms.katalon.core.main.ScriptEngine.run(ScriptEngine.java:194)
	at com.kms.katalon.core.main.ScriptEngine.runScriptAsRawText(ScriptEngine.java:119)
	at com.kms.katalon.core.main.TestCaseExecutor.runScript(TestCaseExecutor.java:448)
	at com.kms.katalon.core.main.TestCaseExecutor.doExecute(TestCaseExecutor.java:439)
	at com.kms.katalon.core.main.TestCaseExecutor.processExecutionPhase(TestCaseExecutor.java:418)
	at com.kms.katalon.core.main.TestCaseExecutor.accessMainPhase(TestCaseExecutor.java:410)
	at com.kms.katalon.core.main.TestCaseExecutor.execute(TestCaseExecutor.java:285)
	at com.kms.katalon.core.common.CommonExecutor.accessTestCaseMainPhase(CommonExecutor.java:65)
	at com.kms.katalon.core.main.TestSuiteExecutor.accessTestSuiteMainPhase(TestSuiteExecutor.java:148)
	at com.kms.katalon.core.main.TestSuiteExecutor.execute(TestSuiteExecutor.java:106)
	at com.kms.katalon.core.main.TestCaseMain.startTestSuite(TestCaseMain.java:180)
	at TempTestSuite1706193234389.run(TempTestSuite1706193234389.groovy:36)
	at java.base/jdk.internal.reflect.NativeMethodAccessorImpl.invoke0(Native Method)
	at java.base/jdk.internal.reflect.NativeMethodAccessorImpl.invoke(NativeMethodAccessorImpl.java:77)
	at java.base/jdk.internal.reflect.DelegatingMethodAccessorImpl.invoke(DelegatingMethodAccessorImpl.java:43)
Caused by: com.kms.katalon.core.exception.StepFailedException: No option matched.
	at com.kms.katalon.core.keyword.internal.KeywordMain.stepFailed(KeywordMain.groovy:51)
	at com.kms.katalon.core.keyword.internal.KeywordMain.stepFailed(KeywordMain.groovy)
	at com.kms.katalon.core.keyword.internal.KeywordMain.stepFailed(KeywordMain.groovy:23)
	at com.kms.katalon.core.webui.keyword.builtin.SelectOptionByValueKeyword$_selectOptionByValue_closure1.doCall(SelectOptionByValueKeyword.groovy:92)
	at com.kms.katalon.core.webui.keyword.builtin.SelectOptionByValueKeyword$_selectOptionByValue_closure1.call(SelectOptionByValueKeyword.groovy)
	at com.kms.katalon.core.webui.keyword.internal.WebUIKeywordMain.runKeyword(WebUIKeywordMain.groovy:20)
	... 20 more]]></system-out>
      <system-err><![CDATA[25-01-2024T20:04:00 - [TEST_SUITE][FAILED] - Amazon Search: Test Cases/Data_Driven_Testing/TC_Amazon_Sarch_02 FAILED.
Reason:
com.kms.katalon.core.exception.StepFailedException: Unable to select option by value 'search-alias=electronics-intl-ship' of object 'Object Repository/Amazon_Login_OR/Page_Amazon.com. Spend less. Smile more/select_All Departments        Arts  Crafts _135c92'  using regular expression
	at com.kms.katalon.core.webui.keyword.internal.WebUIKeywordMain.stepFailed(WebUIKeywordMain.groovy:64)
	at com.kms.katalon.core.webui.keyword.internal.WebUIKeywordMain.runKeyword(WebUIKeywordMain.groovy:26)
	at com.kms.katalon.core.webui.keyword.builtin.SelectOptionByValueKeyword.selectOptionByValue(SelectOptionByValueKeyword.groovy:99)
	at com.kms.katalon.core.webui.keyword.builtin.SelectOptionByValueKeyword.execute(SelectOptionByValueKeyword.groovy:71)
	at com.kms.katalon.core.keyword.internal.KeywordExecutor.executeKeywordForPlatform(KeywordExecutor.groovy:74)
	at com.kms.katalon.core.webui.keyword.WebUiBuiltInKeywords.selectOptionByValue(WebUiBuiltInKeywords.groovy:1207)
	at TC_Amazon_Sarch_02.run(TC_Amazon_Sarch_02:24)
	at com.kms.katalon.core.main.ScriptEngine.run(ScriptEngine.java:194)
	at com.kms.katalon.core.main.ScriptEngine.runScriptAsRawText(ScriptEngine.java:119)
	at com.kms.katalon.core.main.TestCaseExecutor.runScript(TestCaseExecutor.java:448)
	at com.kms.katalon.core.main.TestCaseExecutor.doExecute(TestCaseExecutor.java:439)
	at com.kms.katalon.core.main.TestCaseExecutor.processExecutionPhase(TestCaseExecutor.java:418)
	at com.kms.katalon.core.main.TestCaseExecutor.accessMainPhase(TestCaseExecutor.java:410)
	at com.kms.katalon.core.main.TestCaseExecutor.execute(TestCaseExecutor.java:285)
	at com.kms.katalon.core.common.CommonExecutor.accessTestCaseMainPhase(CommonExecutor.java:65)
	at com.kms.katalon.core.main.TestSuiteExecutor.accessTestSuiteMainPhase(TestSuiteExecutor.java:148)
	at com.kms.katalon.core.main.TestSuiteExecutor.execute(TestSuiteExecutor.java:106)
	at com.kms.katalon.core.main.TestCaseMain.startTestSuite(TestCaseMain.java:180)
	at TempTestSuite1706193234389.run(TempTestSuite1706193234389.groovy:36)
	at java.base/jdk.internal.reflect.NativeMethodAccessorImpl.invoke0(Native Method)
	at java.base/jdk.internal.reflect.NativeMethodAccessorImpl.invoke(NativeMethodAccessorImpl.java:77)
	at java.base/jdk.internal.reflect.DelegatingMethodAccessorImpl.invoke(DelegatingMethodAccessorImpl.java:43)
Caused by: com.kms.katalon.core.exception.StepFailedException: No option matched.
	at com.kms.katalon.core.keyword.internal.KeywordMain.stepFailed(KeywordMain.groovy:51)
	at com.kms.katalon.core.keyword.internal.KeywordMain.stepFailed(KeywordMain.groovy)
	at com.kms.katalon.core.keyword.internal.KeywordMain.stepFailed(KeywordMain.groovy:23)
	at com.kms.katalon.core.webui.keyword.builtin.SelectOptionByValueKeyword$_selectOptionByValue_closure1.doCall(SelectOptionByValueKeyword.groovy:92)
	at com.kms.katalon.core.webui.keyword.builtin.SelectOptionByValueKeyword$_selectOptionByValue_closure1.call(SelectOptionByValueKeyword.groovy)
	at com.kms.katalon.core.webui.keyword.internal.WebUIKeywordMain.runKeyword(WebUIKeywordMain.groovy:20)
	... 20 more]]></system-err>
   </testsuite>
</testsuites>
