<?xml version="1.0" encoding="UTF-8"?>
<testsuites name="Amazon Checking items" time="63.453" tests="1" failures="0" errors="0">
   <testsuite name="Amazon Checking items" tests="1" failures="0" errors="0" time="63.453" skipped="0" timestamp="26-01-2024T10:00:05" hostname="tejac - LAPTOP-5AA6QQL1" id="Test Suites/Amazon Validation/Amazon Checking items">
      <properties>
         <property name="deviceName" value=""/>
         <property name="devicePlatform" value=""/>
         <property name="logFolder" value="C:\\Users\\tejac\\git\\Amazon-App\\Reports\\20240126_100001\\Amazon Validation\\Amazon Checking items\\20240126_100001"/>
         <property name="logFiles" value="C:\\Users\\tejac\\git\\Amazon-App\\Reports\\20240126_100001\\Amazon Validation\\Amazon Checking items\\20240126_100001\\execution0.log"/>
         <property name="attachments" value="C:\\Users\\tejac\\git\\Amazon-App\\Reports\\20240126_100001\\Amazon Validation\\Amazon Checking items\\20240126_100001\\1706243446582.png"/>
         <property name="hostName" value="tejac - LAPTOP-5AA6QQL1"/>
         <property name="os" value="Windows 11 64bit"/>
         <property name="katalonVersion" value="9.2.0.212"/>
         <property name="browser" value="Chrome 121.0.0.0"/>
         <property name="hostAddress" value="192.168.0.143"/>
         <property name="sessionId" value="215557df8ed5ceca72fad7d4fcd7453a"/>
         <property name="seleniumVersion" value="3.141.59"/>
         <property name="proxyInformation" value="ProxyInformation { proxyOption=NO_PROXY, proxyServerType=HTTP, username=, password=********, proxyServerAddress=, proxyServerPort=0, executionList=&quot;&quot;, isApplyToDesiredCapabilities=true }"/>
         <property name="platform" value="Windows 11"/>
      </properties>
      <testcase name="Test Cases/Data_Driven_Testing/TC_Amazon_Cart_05" time="21.957" classname="Test Cases/Data_Driven_Testing/TC_Amazon_Cart_05" status="PASSED">
         <system-out><![CDATA[26-01-2024T10:00:47 - [TEST_CASE][PASSED] - Test Cases/Data_Driven_Testing/TC_Amazon_Cart_05: Test Cases/Data_Driven_Testing/TC_Amazon_Cart_05

26-01-2024T10:00:47 - [TEST_STEP][PASSED] - openBrowser(""): Browser is opened with url: ''

26-01-2024T10:00:47 - [MESSAGE][WARNING] - A browser is already opened. Closing browser and opening a new one

26-01-2024T10:00:47 - [MESSAGE][INFO] - Starting 'Chrome' driver

26-01-2024T10:00:47 - [MESSAGE][INFO] - Action delay is set to 0 milliseconds

26-01-2024T10:00:49 - [MESSAGE][PASSED] - Browser is opened with url: ''

26-01-2024T10:00:49 - [TEST_STEP][PASSED] - navigateToUrl("https://www.amazon.com/"): Navigate to 'https://www.amazon.com/' successfully

26-01-2024T10:00:51 - [MESSAGE][PASSED] - Navigate to 'https://www.amazon.com/' successfully

26-01-2024T10:00:51 - [TEST_STEP][PASSED] - click(findTestObject("Object Repository/Amazon_cart items/Page_Amazon.com. Spend less. Smile more/span_Hello, sign in")): Object: 'Object Repository/Amazon_cart items/Page_Amazon.com. Spend less. Smile more/span_Hello, sign in' is clicked on

26-01-2024T10:00:56 - [MESSAGE][PASSED] - Object: 'Object Repository/Amazon_cart items/Page_Amazon.com. Spend less. Smile more/span_Hello, sign in' is clicked on

26-01-2024T10:00:56 - [TEST_STEP][PASSED] - setText(findTestObject("Object Repository/Amazon_cart items/Page_Amazon Sign-In/input_email"), "tejach312@gmail.com"): Text 'tejach312@gmail.com' is set on object 'Object Repository/Amazon_cart items/Page_Amazon Sign-In/input_email'

26-01-2024T10:00:57 - [MESSAGE][PASSED] - Text 'tejach312@gmail.com' is set on object 'Object Repository/Amazon_cart items/Page_Amazon Sign-In/input_email'

26-01-2024T10:00:57 - [TEST_STEP][PASSED] - click(findTestObject("Object Repository/Amazon_cart items/Page_Amazon Sign-In/inputcontinue")): Object: 'Object Repository/Amazon_cart items/Page_Amazon Sign-In/inputcontinue' is clicked on

26-01-2024T10:00:58 - [MESSAGE][PASSED] - Object: 'Object Repository/Amazon_cart items/Page_Amazon Sign-In/inputcontinue' is clicked on

26-01-2024T10:00:58 - [TEST_STEP][PASSED] - setEncryptedText(findTestObject("Object Repository/Amazon_cart items/Page_Amazon Sign-In/input_password"), "MAPjDJh7XRfzOPtg0Z9QNQ=="): Text ****** has been set on object 'Object Repository/Amazon_cart items/Page_Amazon Sign-In/input_password'

26-01-2024T10:00:59 - [MESSAGE][PASSED] - Text ****** has been set on object 'Object Repository/Amazon_cart items/Page_Amazon Sign-In/input_password'

26-01-2024T10:00:59 - [TEST_STEP][PASSED] - click(findTestObject("Object Repository/Amazon_cart items/Page_Amazon Sign-In/inputsignInSubmit")): Object: 'Object Repository/Amazon_cart items/Page_Amazon Sign-In/inputsignInSubmit' is clicked on

26-01-2024T10:01:00 - [MESSAGE][PASSED] - Object: 'Object Repository/Amazon_cart items/Page_Amazon Sign-In/inputsignInSubmit' is clicked on

26-01-2024T10:01:00 - [TEST_STEP][PASSED] - click(findTestObject("Object Repository/Amazon_cart items/Page_Amazon.com. Spend less. Smile more/span_Cart")): Object: 'Object Repository/Amazon_cart items/Page_Amazon.com. Spend less. Smile more/span_Cart' is clicked on

26-01-2024T10:01:09 - [MESSAGE][PASSED] - Object: 'Object Repository/Amazon_cart items/Page_Amazon.com. Spend less. Smile more/span_Cart' is clicked on

26-01-2024T10:01:09 - [TEST_STEP][PASSED] - closeBrowser(): Browser is closed

26-01-2024T10:01:09 - [MESSAGE][PASSED] - Browser is closed]]></system-out>
         <system-err><![CDATA[]]></system-err>
      </testcase>
      <system-out><![CDATA[26-01-2024T10:00:05 - [TEST_SUITE][FAILED] - Amazon Checking items: Test Cases/Data_Driven_Testing/TC_Amazon_Cart_05 FAILED.
Reason:
com.kms.katalon.core.exception.StepFailedException: Unable to click on object 'Object Repository/Amazon_cart items/Page_Amazon.com. Spend less. Smile more/span_Hello, sign in'
	at com.kms.katalon.core.webui.keyword.internal.WebUIKeywordMain.stepFailed(WebUIKeywordMain.groovy:64)
	at com.kms.katalon.core.webui.keyword.internal.WebUIKeywordMain.runKeyword(WebUIKeywordMain.groovy:26)
	at com.kms.katalon.core.webui.keyword.builtin.ClickKeyword.click(ClickKeyword.groovy:74)
	at com.kms.katalon.core.webui.keyword.builtin.ClickKeyword.execute(ClickKeyword.groovy:40)
	at com.kms.katalon.core.keyword.internal.KeywordExecutor.executeKeywordForPlatform(KeywordExecutor.groovy:74)
	at com.kms.katalon.core.webui.keyword.WebUiBuiltInKeywords.click(WebUiBuiltInKeywords.groovy:659)
	at TC_Amazon_Cart_05.run(TC_Amazon_Cart_05:24)
	at com.kms.katalon.core.main.ScriptEngine.run(ScriptEngine.java:194)
	at com.kms.katalon.core.main.ScriptEngine.runScriptAsRawText(ScriptEngine.java:119)
	at com.kms.katalon.core.main.TestCaseExecutor.runScript(TestCaseExecutor.java:448)
	at com.kms.katalon.core.main.TestCaseExecutor.doExecute(TestCaseExecutor.java:439)
	at com.kms.katalon.core.main.TestCaseExecutor.processExecutionPhase(TestCaseExecutor.java:418)
	at com.kms.katalon.core.main.TestCaseExecutor.accessMainPhase(TestCaseExecutor.java:410)
	at com.kms.katalon.core.main.TestCaseExecutor.execute(TestCaseExecutor.java:285)
	at com.kms.katalon.core.common.CommonExecutor.accessTestCaseMainPhase(CommonExecutor.java:65)
	at com.kms.katalon.core.main.TestSuiteExecutor.accessTestSuiteMainPhase(TestSuiteExecutor.java:148)
	at com.kms.katalon.core.main.TestSuiteExecutor.execute(TestSuiteExecutor.java:106)
	at com.kms.katalon.core.main.TestCaseMain.startTestSuite(TestCaseMain.java:180)
	at TempTestSuite1706243401338.run(TempTestSuite1706243401338.groovy:36)
	at java.base/jdk.internal.reflect.NativeMethodAccessorImpl.invoke0(Native Method)
	at java.base/jdk.internal.reflect.NativeMethodAccessorImpl.invoke(NativeMethodAccessorImpl.java:77)
	at java.base/jdk.internal.reflect.DelegatingMethodAccessorImpl.invoke(DelegatingMethodAccessorImpl.java:43)
Caused by: com.kms.katalon.core.webui.exception.WebElementNotFoundException: Web element with id: 'Object Repository/Amazon_cart items/Page_Amazon.com. Spend less. Smile more/span_Hello, sign in' located by '//span[@id='nav-link-accountList-nav-line-1']' not found
	at com.kms.katalon.core.webui.common.WebUiCommonHelper.findWebElement(WebUiCommonHelper.java:1379)
	at com.kms.katalon.core.webui.keyword.internal.WebUIAbstractKeyword.findWebElement(WebUIAbstractKeyword.groovy:27)
	at com.kms.katalon.core.webui.keyword.builtin.ClickKeyword$_click_closure1.doCall(ClickKeyword.groovy:65)
	at com.kms.katalon.core.webui.keyword.builtin.ClickKeyword$_click_closure1.call(ClickKeyword.groovy)
	at com.kms.katalon.core.webui.keyword.internal.WebUIKeywordMain.runKeyword(WebUIKeywordMain.groovy:20)
	... 20 more]]></system-out>
      <system-err><![CDATA[26-01-2024T10:00:05 - [TEST_SUITE][FAILED] - Amazon Checking items: Test Cases/Data_Driven_Testing/TC_Amazon_Cart_05 FAILED.
Reason:
com.kms.katalon.core.exception.StepFailedException: Unable to click on object 'Object Repository/Amazon_cart items/Page_Amazon.com. Spend less. Smile more/span_Hello, sign in'
	at com.kms.katalon.core.webui.keyword.internal.WebUIKeywordMain.stepFailed(WebUIKeywordMain.groovy:64)
	at com.kms.katalon.core.webui.keyword.internal.WebUIKeywordMain.runKeyword(WebUIKeywordMain.groovy:26)
	at com.kms.katalon.core.webui.keyword.builtin.ClickKeyword.click(ClickKeyword.groovy:74)
	at com.kms.katalon.core.webui.keyword.builtin.ClickKeyword.execute(ClickKeyword.groovy:40)
	at com.kms.katalon.core.keyword.internal.KeywordExecutor.executeKeywordForPlatform(KeywordExecutor.groovy:74)
	at com.kms.katalon.core.webui.keyword.WebUiBuiltInKeywords.click(WebUiBuiltInKeywords.groovy:659)
	at TC_Amazon_Cart_05.run(TC_Amazon_Cart_05:24)
	at com.kms.katalon.core.main.ScriptEngine.run(ScriptEngine.java:194)
	at com.kms.katalon.core.main.ScriptEngine.runScriptAsRawText(ScriptEngine.java:119)
	at com.kms.katalon.core.main.TestCaseExecutor.runScript(TestCaseExecutor.java:448)
	at com.kms.katalon.core.main.TestCaseExecutor.doExecute(TestCaseExecutor.java:439)
	at com.kms.katalon.core.main.TestCaseExecutor.processExecutionPhase(TestCaseExecutor.java:418)
	at com.kms.katalon.core.main.TestCaseExecutor.accessMainPhase(TestCaseExecutor.java:410)
	at com.kms.katalon.core.main.TestCaseExecutor.execute(TestCaseExecutor.java:285)
	at com.kms.katalon.core.common.CommonExecutor.accessTestCaseMainPhase(CommonExecutor.java:65)
	at com.kms.katalon.core.main.TestSuiteExecutor.accessTestSuiteMainPhase(TestSuiteExecutor.java:148)
	at com.kms.katalon.core.main.TestSuiteExecutor.execute(TestSuiteExecutor.java:106)
	at com.kms.katalon.core.main.TestCaseMain.startTestSuite(TestCaseMain.java:180)
	at TempTestSuite1706243401338.run(TempTestSuite1706243401338.groovy:36)
	at java.base/jdk.internal.reflect.NativeMethodAccessorImpl.invoke0(Native Method)
	at java.base/jdk.internal.reflect.NativeMethodAccessorImpl.invoke(NativeMethodAccessorImpl.java:77)
	at java.base/jdk.internal.reflect.DelegatingMethodAccessorImpl.invoke(DelegatingMethodAccessorImpl.java:43)
Caused by: com.kms.katalon.core.webui.exception.WebElementNotFoundException: Web element with id: 'Object Repository/Amazon_cart items/Page_Amazon.com. Spend less. Smile more/span_Hello, sign in' located by '//span[@id='nav-link-accountList-nav-line-1']' not found
	at com.kms.katalon.core.webui.common.WebUiCommonHelper.findWebElement(WebUiCommonHelper.java:1379)
	at com.kms.katalon.core.webui.keyword.internal.WebUIAbstractKeyword.findWebElement(WebUIAbstractKeyword.groovy:27)
	at com.kms.katalon.core.webui.keyword.builtin.ClickKeyword$_click_closure1.doCall(ClickKeyword.groovy:65)
	at com.kms.katalon.core.webui.keyword.builtin.ClickKeyword$_click_closure1.call(ClickKeyword.groovy)
	at com.kms.katalon.core.webui.keyword.internal.WebUIKeywordMain.runKeyword(WebUIKeywordMain.groovy:20)
	... 20 more]]></system-err>
   </testsuite>
</testsuites>
