<?xml version="1.0" encoding="UTF-8"?>
<testsuites name="Amazon_Deals_Zipcode" time="165.262" tests="6" failures="0" errors="0">
   <testsuite name="Amazon_Deals_Zipcode" tests="6" failures="0" errors="0" time="165.262" skipped="0" timestamp="26-01-2024T21:00:03" hostname="tejac - LAPTOP-5AA6QQL1" id="Test Suites/Amazon Validation/Amazon_Deals_Zipcode">
      <properties>
         <property name="deviceName" value=""/>
         <property name="devicePlatform" value=""/>
         <property name="logFolder" value="C:\\Users\\tejac\\git\\Amazon-App\\Reports\\20240126_205957\\Amazon Validation\\Amazon_Deals_Zipcode\\20240126_205958"/>
         <property name="logFiles" value="C:\\Users\\tejac\\git\\Amazon-App\\Reports\\20240126_205957\\Amazon Validation\\Amazon_Deals_Zipcode\\20240126_205958\\execution0.log"/>
         <property name="attachments" value="C:\\Users\\tejac\\git\\Amazon-App\\Reports\\20240126_205957\\Amazon Validation\\Amazon_Deals_Zipcode\\20240126_205958\\1706283142399.png"/>
         <property name="hostName" value="tejac - LAPTOP-5AA6QQL1"/>
         <property name="os" value="Windows 11 64bit"/>
         <property name="katalonVersion" value="9.2.0.212"/>
         <property name="browser" value="Chrome 121.0.0.0"/>
         <property name="hostAddress" value="192.168.0.143"/>
         <property name="sessionId" value="2fed6f411dc77bd8249a2634e0549e6f"/>
         <property name="seleniumVersion" value="3.141.59"/>
         <property name="proxyInformation" value="ProxyInformation { proxyOption=NO_PROXY, proxyServerType=HTTP, username=, password=********, proxyServerAddress=, proxyServerPort=0, executionList=&quot;&quot;, isApplyToDesiredCapabilities=true }"/>
         <property name="platform" value="Windows 11"/>
      </properties>
      <testcase name="Test Cases/Data_Driven_Testing/TC_Amazon_Zip_06" time="19.898" classname="Test Cases/Data_Driven_Testing/TC_Amazon_Zip_06" status="PASSED">
         <system-out><![CDATA[26-01-2024T21:00:04 - [TEST_CASE][PASSED] - Test Cases/Data_Driven_Testing/TC_Amazon_Zip_06: Test Cases/Data_Driven_Testing/TC_Amazon_Zip_06

26-01-2024T21:00:04 - [TEST_STEP][PASSED] - openBrowser(""): Browser is opened with url: ''

26-01-2024T21:00:04 - [MESSAGE][INFO] - Starting 'Chrome' driver

26-01-2024T21:00:05 - [MESSAGE][INFO] - Action delay is set to 0 milliseconds

26-01-2024T21:00:06 - [MESSAGE][PASSED] - Browser is opened with url: ''

26-01-2024T21:00:06 - [TEST_STEP][PASSED] - navigateToUrl("https://www.amazon.com/"): Navigate to 'https://www.amazon.com/' successfully

26-01-2024T21:00:09 - [MESSAGE][PASSED] - Navigate to 'https://www.amazon.com/' successfully

26-01-2024T21:00:09 - [TEST_STEP][PASSED] - click(findTestObject("Object Repository/Amazon_Location/Page_Amazon.com. Spend less. Smile more/span_Hello, sign in")): Object: 'Object Repository/Amazon_Location/Page_Amazon.com. Spend less. Smile more/span_Hello, sign in' is clicked on

26-01-2024T21:00:11 - [MESSAGE][PASSED] - Object: 'Object Repository/Amazon_Location/Page_Amazon.com. Spend less. Smile more/span_Hello, sign in' is clicked on

26-01-2024T21:00:11 - [TEST_STEP][PASSED] - setText(findTestObject("Object Repository/Amazon_Location/Page_Amazon Sign-In/input_email"), "tejach312@gmail.com"): Text 'tejach312@gmail.com' is set on object 'Object Repository/Amazon_Location/Page_Amazon Sign-In/input_email'

26-01-2024T21:00:13 - [MESSAGE][PASSED] - Text 'tejach312@gmail.com' is set on object 'Object Repository/Amazon_Location/Page_Amazon Sign-In/input_email'

26-01-2024T21:00:13 - [TEST_STEP][PASSED] - click(findTestObject("Object Repository/Amazon_Location/Page_Amazon Sign-In/inputcontinue")): Object: 'Object Repository/Amazon_Location/Page_Amazon Sign-In/inputcontinue' is clicked on

26-01-2024T21:00:14 - [MESSAGE][PASSED] - Object: 'Object Repository/Amazon_Location/Page_Amazon Sign-In/inputcontinue' is clicked on

26-01-2024T21:00:14 - [TEST_STEP][PASSED] - setEncryptedText(findTestObject("Object Repository/Amazon_Location/Page_Amazon Sign-In/input_password"), "MAPjDJh7XRfzOPtg0Z9QNQ=="): Text ****** has been set on object 'Object Repository/Amazon_Location/Page_Amazon Sign-In/input_password'

26-01-2024T21:00:15 - [MESSAGE][PASSED] - Text ****** has been set on object 'Object Repository/Amazon_Location/Page_Amazon Sign-In/input_password'

26-01-2024T21:00:15 - [TEST_STEP][PASSED] - click(findTestObject("Object Repository/Amazon_Location/Page_Amazon Sign-In/inputsignInSubmit")): Object: 'Object Repository/Amazon_Location/Page_Amazon Sign-In/inputsignInSubmit' is clicked on

26-01-2024T21:00:16 - [MESSAGE][PASSED] - Object: 'Object Repository/Amazon_Location/Page_Amazon Sign-In/inputsignInSubmit' is clicked on

26-01-2024T21:00:16 - [TEST_STEP][PASSED] - click(findTestObject("Object Repository/Amazon_Location/Page_Amazon.com. Spend less. Smile more/span_Deliver to")): Object: 'Object Repository/Amazon_Location/Page_Amazon.com. Spend less. Smile more/span_Deliver to' is clicked on

26-01-2024T21:00:21 - [MESSAGE][PASSED] - Object: 'Object Repository/Amazon_Location/Page_Amazon.com. Spend less. Smile more/span_Deliver to' is clicked on

26-01-2024T21:00:21 - [TEST_STEP][PASSED] - setText(findTestObject("Object Repository/Amazon_Location/Page_Amazon.com. Spend less. Smile more/inputGLUXZipUpdateInput"), "10005"): Text '10005' is set on object 'Object Repository/Amazon_Location/Page_Amazon.com. Spend less. Smile more/inputGLUXZipUpdateInput'

26-01-2024T21:00:23 - [MESSAGE][PASSED] - Text '10005' is set on object 'Object Repository/Amazon_Location/Page_Amazon.com. Spend less. Smile more/inputGLUXZipUpdateInput'

26-01-2024T21:00:23 - [TEST_STEP][PASSED] - click(findTestObject("Object Repository/Amazon_Location/Page_Amazon.com. Spend less. Smile more/input_a-button-input")): Object: 'Object Repository/Amazon_Location/Page_Amazon.com. Spend less. Smile more/input_a-button-input' is clicked on

26-01-2024T21:00:23 - [MESSAGE][PASSED] - Object: 'Object Repository/Amazon_Location/Page_Amazon.com. Spend less. Smile more/input_a-button-input' is clicked on

26-01-2024T21:00:23 - [TEST_STEP][PASSED] - closeBrowser(): Browser is closed

26-01-2024T21:00:24 - [MESSAGE][PASSED] - Browser is closed]]></system-out>
         <system-err><![CDATA[]]></system-err>
      </testcase>
      <testcase name="Test Cases/Data_Driven_Testing/TC_Amazon_Zip_06" time="19.343" classname="Test Cases/Data_Driven_Testing/TC_Amazon_Zip_06" status="PASSED">
         <system-out><![CDATA[26-01-2024T21:00:24 - [TEST_CASE][PASSED] - Test Cases/Data_Driven_Testing/TC_Amazon_Zip_06: Test Cases/Data_Driven_Testing/TC_Amazon_Zip_06

26-01-2024T21:00:24 - [TEST_STEP][PASSED] - openBrowser(""): Browser is opened with url: ''

26-01-2024T21:00:24 - [MESSAGE][INFO] - Starting 'Chrome' driver

26-01-2024T21:00:24 - [MESSAGE][INFO] - Action delay is set to 0 milliseconds

26-01-2024T21:00:25 - [MESSAGE][PASSED] - Browser is opened with url: ''

26-01-2024T21:00:25 - [TEST_STEP][PASSED] - navigateToUrl("https://www.amazon.com/"): Navigate to 'https://www.amazon.com/' successfully

26-01-2024T21:00:28 - [MESSAGE][PASSED] - Navigate to 'https://www.amazon.com/' successfully

26-01-2024T21:00:28 - [TEST_STEP][PASSED] - click(findTestObject("Object Repository/Amazon_Location/Page_Amazon.com. Spend less. Smile more/span_Hello, sign in")): Object: 'Object Repository/Amazon_Location/Page_Amazon.com. Spend less. Smile more/span_Hello, sign in' is clicked on

26-01-2024T21:00:29 - [MESSAGE][PASSED] - Object: 'Object Repository/Amazon_Location/Page_Amazon.com. Spend less. Smile more/span_Hello, sign in' is clicked on

26-01-2024T21:00:29 - [TEST_STEP][PASSED] - setText(findTestObject("Object Repository/Amazon_Location/Page_Amazon Sign-In/input_email"), "tejach312@gmail.com"): Text 'tejach312@gmail.com' is set on object 'Object Repository/Amazon_Location/Page_Amazon Sign-In/input_email'

26-01-2024T21:00:31 - [MESSAGE][PASSED] - Text 'tejach312@gmail.com' is set on object 'Object Repository/Amazon_Location/Page_Amazon Sign-In/input_email'

26-01-2024T21:00:31 - [TEST_STEP][PASSED] - click(findTestObject("Object Repository/Amazon_Location/Page_Amazon Sign-In/inputcontinue")): Object: 'Object Repository/Amazon_Location/Page_Amazon Sign-In/inputcontinue' is clicked on

26-01-2024T21:00:32 - [MESSAGE][PASSED] - Object: 'Object Repository/Amazon_Location/Page_Amazon Sign-In/inputcontinue' is clicked on

26-01-2024T21:00:32 - [TEST_STEP][PASSED] - setEncryptedText(findTestObject("Object Repository/Amazon_Location/Page_Amazon Sign-In/input_password"), "MAPjDJh7XRfzOPtg0Z9QNQ=="): Text ****** has been set on object 'Object Repository/Amazon_Location/Page_Amazon Sign-In/input_password'

26-01-2024T21:00:33 - [MESSAGE][PASSED] - Text ****** has been set on object 'Object Repository/Amazon_Location/Page_Amazon Sign-In/input_password'

26-01-2024T21:00:33 - [TEST_STEP][PASSED] - click(findTestObject("Object Repository/Amazon_Location/Page_Amazon Sign-In/inputsignInSubmit")): Object: 'Object Repository/Amazon_Location/Page_Amazon Sign-In/inputsignInSubmit' is clicked on

26-01-2024T21:00:34 - [MESSAGE][PASSED] - Object: 'Object Repository/Amazon_Location/Page_Amazon Sign-In/inputsignInSubmit' is clicked on

26-01-2024T21:00:34 - [TEST_STEP][PASSED] - click(findTestObject("Object Repository/Amazon_Location/Page_Amazon.com. Spend less. Smile more/span_Deliver to")): Object: 'Object Repository/Amazon_Location/Page_Amazon.com. Spend less. Smile more/span_Deliver to' is clicked on

26-01-2024T21:00:40 - [MESSAGE][PASSED] - Object: 'Object Repository/Amazon_Location/Page_Amazon.com. Spend less. Smile more/span_Deliver to' is clicked on

26-01-2024T21:00:40 - [TEST_STEP][PASSED] - setText(findTestObject("Object Repository/Amazon_Location/Page_Amazon.com. Spend less. Smile more/inputGLUXZipUpdateInput"), "10005"): Text '10005' is set on object 'Object Repository/Amazon_Location/Page_Amazon.com. Spend less. Smile more/inputGLUXZipUpdateInput'

26-01-2024T21:00:42 - [MESSAGE][PASSED] - Text '10005' is set on object 'Object Repository/Amazon_Location/Page_Amazon.com. Spend less. Smile more/inputGLUXZipUpdateInput'

26-01-2024T21:00:42 - [TEST_STEP][PASSED] - click(findTestObject("Object Repository/Amazon_Location/Page_Amazon.com. Spend less. Smile more/input_a-button-input")): Object: 'Object Repository/Amazon_Location/Page_Amazon.com. Spend less. Smile more/input_a-button-input' is clicked on

26-01-2024T21:00:43 - [MESSAGE][PASSED] - Object: 'Object Repository/Amazon_Location/Page_Amazon.com. Spend less. Smile more/input_a-button-input' is clicked on

26-01-2024T21:00:43 - [TEST_STEP][PASSED] - closeBrowser(): Browser is closed

26-01-2024T21:00:43 - [MESSAGE][PASSED] - Browser is closed]]></system-out>
         <system-err><![CDATA[]]></system-err>
      </testcase>
      <testcase name="Test Cases/Data_Driven_Testing/TC_Amazon_Zip_06" time="19.674" classname="Test Cases/Data_Driven_Testing/TC_Amazon_Zip_06" status="PASSED">
         <system-out><![CDATA[26-01-2024T21:00:43 - [TEST_CASE][PASSED] - Test Cases/Data_Driven_Testing/TC_Amazon_Zip_06: Test Cases/Data_Driven_Testing/TC_Amazon_Zip_06

26-01-2024T21:00:43 - [TEST_STEP][PASSED] - openBrowser(""): Browser is opened with url: ''

26-01-2024T21:00:43 - [MESSAGE][INFO] - Starting 'Chrome' driver

26-01-2024T21:00:43 - [MESSAGE][INFO] - Action delay is set to 0 milliseconds

26-01-2024T21:00:45 - [MESSAGE][PASSED] - Browser is opened with url: ''

26-01-2024T21:00:45 - [TEST_STEP][PASSED] - navigateToUrl("https://www.amazon.com/"): Navigate to 'https://www.amazon.com/' successfully

26-01-2024T21:00:48 - [MESSAGE][PASSED] - Navigate to 'https://www.amazon.com/' successfully

26-01-2024T21:00:48 - [TEST_STEP][PASSED] - click(findTestObject("Object Repository/Amazon_Location/Page_Amazon.com. Spend less. Smile more/span_Hello, sign in")): Object: 'Object Repository/Amazon_Location/Page_Amazon.com. Spend less. Smile more/span_Hello, sign in' is clicked on

26-01-2024T21:00:50 - [MESSAGE][PASSED] - Object: 'Object Repository/Amazon_Location/Page_Amazon.com. Spend less. Smile more/span_Hello, sign in' is clicked on

26-01-2024T21:00:50 - [TEST_STEP][PASSED] - setText(findTestObject("Object Repository/Amazon_Location/Page_Amazon Sign-In/input_email"), "tejach312@gmail.com"): Text 'tejach312@gmail.com' is set on object 'Object Repository/Amazon_Location/Page_Amazon Sign-In/input_email'

26-01-2024T21:00:51 - [MESSAGE][PASSED] - Text 'tejach312@gmail.com' is set on object 'Object Repository/Amazon_Location/Page_Amazon Sign-In/input_email'

26-01-2024T21:00:51 - [TEST_STEP][PASSED] - click(findTestObject("Object Repository/Amazon_Location/Page_Amazon Sign-In/inputcontinue")): Object: 'Object Repository/Amazon_Location/Page_Amazon Sign-In/inputcontinue' is clicked on

26-01-2024T21:00:53 - [MESSAGE][PASSED] - Object: 'Object Repository/Amazon_Location/Page_Amazon Sign-In/inputcontinue' is clicked on

26-01-2024T21:00:53 - [TEST_STEP][PASSED] - setEncryptedText(findTestObject("Object Repository/Amazon_Location/Page_Amazon Sign-In/input_password"), "MAPjDJh7XRfzOPtg0Z9QNQ=="): Text ****** has been set on object 'Object Repository/Amazon_Location/Page_Amazon Sign-In/input_password'

26-01-2024T21:00:54 - [MESSAGE][PASSED] - Text ****** has been set on object 'Object Repository/Amazon_Location/Page_Amazon Sign-In/input_password'

26-01-2024T21:00:54 - [TEST_STEP][PASSED] - click(findTestObject("Object Repository/Amazon_Location/Page_Amazon Sign-In/inputsignInSubmit")): Object: 'Object Repository/Amazon_Location/Page_Amazon Sign-In/inputsignInSubmit' is clicked on

26-01-2024T21:00:54 - [MESSAGE][PASSED] - Object: 'Object Repository/Amazon_Location/Page_Amazon Sign-In/inputsignInSubmit' is clicked on

26-01-2024T21:00:54 - [TEST_STEP][PASSED] - click(findTestObject("Object Repository/Amazon_Location/Page_Amazon.com. Spend less. Smile more/span_Deliver to")): Object: 'Object Repository/Amazon_Location/Page_Amazon.com. Spend less. Smile more/span_Deliver to' is clicked on

26-01-2024T21:01:00 - [MESSAGE][PASSED] - Object: 'Object Repository/Amazon_Location/Page_Amazon.com. Spend less. Smile more/span_Deliver to' is clicked on

26-01-2024T21:01:00 - [TEST_STEP][PASSED] - setText(findTestObject("Object Repository/Amazon_Location/Page_Amazon.com. Spend less. Smile more/inputGLUXZipUpdateInput"), "10005"): Text '10005' is set on object 'Object Repository/Amazon_Location/Page_Amazon.com. Spend less. Smile more/inputGLUXZipUpdateInput'

26-01-2024T21:01:02 - [MESSAGE][PASSED] - Text '10005' is set on object 'Object Repository/Amazon_Location/Page_Amazon.com. Spend less. Smile more/inputGLUXZipUpdateInput'

26-01-2024T21:01:02 - [TEST_STEP][PASSED] - click(findTestObject("Object Repository/Amazon_Location/Page_Amazon.com. Spend less. Smile more/input_a-button-input")): Object: 'Object Repository/Amazon_Location/Page_Amazon.com. Spend less. Smile more/input_a-button-input' is clicked on

26-01-2024T21:01:02 - [MESSAGE][PASSED] - Object: 'Object Repository/Amazon_Location/Page_Amazon.com. Spend less. Smile more/input_a-button-input' is clicked on

26-01-2024T21:01:02 - [TEST_STEP][PASSED] - closeBrowser(): Browser is closed

26-01-2024T21:01:03 - [MESSAGE][PASSED] - Browser is closed]]></system-out>
         <system-err><![CDATA[]]></system-err>
      </testcase>
      <testcase name="Test Cases/Data_Driven_Testing/TC_Amazon_TodaysDeals_05" time="16.831" classname="Test Cases/Data_Driven_Testing/TC_Amazon_TodaysDeals_05" status="PASSED">
         <system-out><![CDATA[26-01-2024T21:01:03 - [TEST_CASE][PASSED] - Test Cases/Data_Driven_Testing/TC_Amazon_TodaysDeals_05: Test Cases/Data_Driven_Testing/TC_Amazon_TodaysDeals_05

26-01-2024T21:01:03 - [TEST_STEP][PASSED] - openBrowser(""): Browser is opened with url: ''

26-01-2024T21:01:03 - [MESSAGE][INFO] - Starting 'Chrome' driver

26-01-2024T21:01:03 - [MESSAGE][INFO] - Action delay is set to 0 milliseconds

26-01-2024T21:01:04 - [MESSAGE][PASSED] - Browser is opened with url: ''

26-01-2024T21:01:04 - [TEST_STEP][PASSED] - navigateToUrl("https://www.amazon.com/"): Navigate to 'https://www.amazon.com/' successfully

26-01-2024T21:01:06 - [MESSAGE][PASSED] - Navigate to 'https://www.amazon.com/' successfully

26-01-2024T21:01:06 - [TEST_STEP][PASSED] - click(findTestObject("Object Repository/Amazon_Deals_OR/Page_Amazon.com. Spend less. Smile more/span_Hello, sign in")): Object: 'Object Repository/Amazon_Deals_OR/Page_Amazon.com. Spend less. Smile more/span_Hello, sign in' is clicked on

26-01-2024T21:01:08 - [MESSAGE][PASSED] - Object: 'Object Repository/Amazon_Deals_OR/Page_Amazon.com. Spend less. Smile more/span_Hello, sign in' is clicked on

26-01-2024T21:01:08 - [TEST_STEP][PASSED] - setText(findTestObject("Object Repository/Amazon_Deals_OR/Page_Amazon Sign-In/input_email"), "tejach312@gmail.com"): Text 'tejach312@gmail.com' is set on object 'Object Repository/Amazon_Deals_OR/Page_Amazon Sign-In/input_email'

26-01-2024T21:01:09 - [MESSAGE][PASSED] - Text 'tejach312@gmail.com' is set on object 'Object Repository/Amazon_Deals_OR/Page_Amazon Sign-In/input_email'

26-01-2024T21:01:09 - [TEST_STEP][PASSED] - click(findTestObject("Object Repository/Amazon_Deals_OR/Page_Amazon Sign-In/inputcontinue")): Object: 'Object Repository/Amazon_Deals_OR/Page_Amazon Sign-In/inputcontinue' is clicked on

26-01-2024T21:01:10 - [MESSAGE][PASSED] - Object: 'Object Repository/Amazon_Deals_OR/Page_Amazon Sign-In/inputcontinue' is clicked on

26-01-2024T21:01:10 - [TEST_STEP][PASSED] - setEncryptedText(findTestObject("Object Repository/Amazon_Deals_OR/Page_Amazon Sign-In/input_password"), "MAPjDJh7XRfzOPtg0Z9QNQ=="): Text ****** has been set on object 'Object Repository/Amazon_Deals_OR/Page_Amazon Sign-In/input_password'

26-01-2024T21:01:11 - [MESSAGE][PASSED] - Text ****** has been set on object 'Object Repository/Amazon_Deals_OR/Page_Amazon Sign-In/input_password'

26-01-2024T21:01:11 - [TEST_STEP][PASSED] - click(findTestObject("Object Repository/Amazon_Deals_OR/Page_Amazon Sign-In/inputsignInSubmit")): Object: 'Object Repository/Amazon_Deals_OR/Page_Amazon Sign-In/inputsignInSubmit' is clicked on

26-01-2024T21:01:12 - [MESSAGE][PASSED] - Object: 'Object Repository/Amazon_Deals_OR/Page_Amazon Sign-In/inputsignInSubmit' is clicked on

26-01-2024T21:01:12 - [TEST_STEP][PASSED] - click(findTestObject("Object Repository/Amazon_Deals_OR/Page_Amazon.com. Spend less. Smile more/a_Todays Deals")): Object: 'Object Repository/Amazon_Deals_OR/Page_Amazon.com. Spend less. Smile more/a_Todays Deals' is clicked on

26-01-2024T21:01:19 - [MESSAGE][PASSED] - Object: 'Object Repository/Amazon_Deals_OR/Page_Amazon.com. Spend less. Smile more/a_Todays Deals' is clicked on

26-01-2024T21:01:19 - [TEST_STEP][PASSED] - closeBrowser(): Browser is closed

26-01-2024T21:01:20 - [MESSAGE][PASSED] - Browser is closed]]></system-out>
         <system-err><![CDATA[]]></system-err>
      </testcase>
      <testcase name="Test Cases/Data_Driven_Testing/TC_Amazon_TodaysDeals_05" time="24.572" classname="Test Cases/Data_Driven_Testing/TC_Amazon_TodaysDeals_05" status="PASSED">
         <system-out><![CDATA[26-01-2024T21:01:20 - [TEST_CASE][PASSED] - Test Cases/Data_Driven_Testing/TC_Amazon_TodaysDeals_05: Test Cases/Data_Driven_Testing/TC_Amazon_TodaysDeals_05

26-01-2024T21:01:20 - [TEST_STEP][PASSED] - openBrowser(""): Browser is opened with url: ''

26-01-2024T21:01:20 - [MESSAGE][INFO] - Starting 'Chrome' driver

26-01-2024T21:01:20 - [MESSAGE][INFO] - Action delay is set to 0 milliseconds

26-01-2024T21:01:21 - [MESSAGE][PASSED] - Browser is opened with url: ''

26-01-2024T21:01:21 - [TEST_STEP][PASSED] - navigateToUrl("https://www.amazon.com/"): Navigate to 'https://www.amazon.com/' successfully

26-01-2024T21:01:25 - [MESSAGE][PASSED] - Navigate to 'https://www.amazon.com/' successfully

26-01-2024T21:01:25 - [TEST_STEP][PASSED] - click(findTestObject("Object Repository/Amazon_Deals_OR/Page_Amazon.com. Spend less. Smile more/span_Hello, sign in")): Object: 'Object Repository/Amazon_Deals_OR/Page_Amazon.com. Spend less. Smile more/span_Hello, sign in' is clicked on

26-01-2024T21:01:29 - [MESSAGE][PASSED] - Object: 'Object Repository/Amazon_Deals_OR/Page_Amazon.com. Spend less. Smile more/span_Hello, sign in' is clicked on

26-01-2024T21:01:29 - [TEST_STEP][PASSED] - setText(findTestObject("Object Repository/Amazon_Deals_OR/Page_Amazon Sign-In/input_email"), "tejach312@gmail.com"): Text 'tejach312@gmail.com' is set on object 'Object Repository/Amazon_Deals_OR/Page_Amazon Sign-In/input_email'

26-01-2024T21:01:30 - [MESSAGE][PASSED] - Text 'tejach312@gmail.com' is set on object 'Object Repository/Amazon_Deals_OR/Page_Amazon Sign-In/input_email'

26-01-2024T21:01:30 - [TEST_STEP][PASSED] - click(findTestObject("Object Repository/Amazon_Deals_OR/Page_Amazon Sign-In/inputcontinue")): Object: 'Object Repository/Amazon_Deals_OR/Page_Amazon Sign-In/inputcontinue' is clicked on

26-01-2024T21:01:32 - [MESSAGE][PASSED] - Object: 'Object Repository/Amazon_Deals_OR/Page_Amazon Sign-In/inputcontinue' is clicked on

26-01-2024T21:01:32 - [TEST_STEP][PASSED] - setEncryptedText(findTestObject("Object Repository/Amazon_Deals_OR/Page_Amazon Sign-In/input_password"), "MAPjDJh7XRfzOPtg0Z9QNQ=="): Text ****** has been set on object 'Object Repository/Amazon_Deals_OR/Page_Amazon Sign-In/input_password'

26-01-2024T21:01:33 - [MESSAGE][PASSED] - Text ****** has been set on object 'Object Repository/Amazon_Deals_OR/Page_Amazon Sign-In/input_password'

26-01-2024T21:01:33 - [TEST_STEP][PASSED] - click(findTestObject("Object Repository/Amazon_Deals_OR/Page_Amazon Sign-In/inputsignInSubmit")): Object: 'Object Repository/Amazon_Deals_OR/Page_Amazon Sign-In/inputsignInSubmit' is clicked on

26-01-2024T21:01:33 - [MESSAGE][PASSED] - Object: 'Object Repository/Amazon_Deals_OR/Page_Amazon Sign-In/inputsignInSubmit' is clicked on

26-01-2024T21:01:33 - [TEST_STEP][PASSED] - click(findTestObject("Object Repository/Amazon_Deals_OR/Page_Amazon.com. Spend less. Smile more/a_Todays Deals")): Object: 'Object Repository/Amazon_Deals_OR/Page_Amazon.com. Spend less. Smile more/a_Todays Deals' is clicked on

26-01-2024T21:01:44 - [MESSAGE][PASSED] - Object: 'Object Repository/Amazon_Deals_OR/Page_Amazon.com. Spend less. Smile more/a_Todays Deals' is clicked on

26-01-2024T21:01:44 - [TEST_STEP][PASSED] - closeBrowser(): Browser is closed

26-01-2024T21:01:44 - [MESSAGE][PASSED] - Browser is closed]]></system-out>
         <system-err><![CDATA[]]></system-err>
      </testcase>
      <testcase name="Test Cases/Data_Driven_Testing/TC_Amazon_TodaysDeals_05" time="26.547" classname="Test Cases/Data_Driven_Testing/TC_Amazon_TodaysDeals_05" status="PASSED">
         <system-out><![CDATA[26-01-2024T21:02:22 - [TEST_CASE][PASSED] - Test Cases/Data_Driven_Testing/TC_Amazon_TodaysDeals_05: Test Cases/Data_Driven_Testing/TC_Amazon_TodaysDeals_05

26-01-2024T21:02:22 - [TEST_STEP][PASSED] - openBrowser(""): Browser is opened with url: ''

26-01-2024T21:02:22 - [MESSAGE][WARNING] - A browser is already opened. Closing browser and opening a new one

26-01-2024T21:02:22 - [MESSAGE][INFO] - Starting 'Chrome' driver

26-01-2024T21:02:22 - [MESSAGE][INFO] - Action delay is set to 0 milliseconds

26-01-2024T21:02:24 - [MESSAGE][PASSED] - Browser is opened with url: ''

26-01-2024T21:02:24 - [TEST_STEP][PASSED] - navigateToUrl("https://www.amazon.com/"): Navigate to 'https://www.amazon.com/' successfully

26-01-2024T21:02:25 - [MESSAGE][PASSED] - Navigate to 'https://www.amazon.com/' successfully

26-01-2024T21:02:25 - [TEST_STEP][PASSED] - click(findTestObject("Object Repository/Amazon_Deals_OR/Page_Amazon.com. Spend less. Smile more/span_Hello, sign in")): Object: 'Object Repository/Amazon_Deals_OR/Page_Amazon.com. Spend less. Smile more/span_Hello, sign in' is clicked on

26-01-2024T21:02:37 - [MESSAGE][PASSED] - Object: 'Object Repository/Amazon_Deals_OR/Page_Amazon.com. Spend less. Smile more/span_Hello, sign in' is clicked on

26-01-2024T21:02:37 - [TEST_STEP][PASSED] - setText(findTestObject("Object Repository/Amazon_Deals_OR/Page_Amazon Sign-In/input_email"), "tejach312@gmail.com"): Text 'tejach312@gmail.com' is set on object 'Object Repository/Amazon_Deals_OR/Page_Amazon Sign-In/input_email'

26-01-2024T21:02:39 - [MESSAGE][PASSED] - Text 'tejach312@gmail.com' is set on object 'Object Repository/Amazon_Deals_OR/Page_Amazon Sign-In/input_email'

26-01-2024T21:02:39 - [TEST_STEP][PASSED] - click(findTestObject("Object Repository/Amazon_Deals_OR/Page_Amazon Sign-In/inputcontinue")): Object: 'Object Repository/Amazon_Deals_OR/Page_Amazon Sign-In/inputcontinue' is clicked on

26-01-2024T21:02:40 - [MESSAGE][PASSED] - Object: 'Object Repository/Amazon_Deals_OR/Page_Amazon Sign-In/inputcontinue' is clicked on

26-01-2024T21:02:40 - [TEST_STEP][PASSED] - setEncryptedText(findTestObject("Object Repository/Amazon_Deals_OR/Page_Amazon Sign-In/input_password"), "MAPjDJh7XRfzOPtg0Z9QNQ=="): Text ****** has been set on object 'Object Repository/Amazon_Deals_OR/Page_Amazon Sign-In/input_password'

26-01-2024T21:02:41 - [MESSAGE][PASSED] - Text ****** has been set on object 'Object Repository/Amazon_Deals_OR/Page_Amazon Sign-In/input_password'

26-01-2024T21:02:41 - [TEST_STEP][PASSED] - click(findTestObject("Object Repository/Amazon_Deals_OR/Page_Amazon Sign-In/inputsignInSubmit")): Object: 'Object Repository/Amazon_Deals_OR/Page_Amazon Sign-In/inputsignInSubmit' is clicked on

26-01-2024T21:02:41 - [MESSAGE][PASSED] - Object: 'Object Repository/Amazon_Deals_OR/Page_Amazon Sign-In/inputsignInSubmit' is clicked on

26-01-2024T21:02:41 - [TEST_STEP][PASSED] - click(findTestObject("Object Repository/Amazon_Deals_OR/Page_Amazon.com. Spend less. Smile more/a_Todays Deals")): Object: 'Object Repository/Amazon_Deals_OR/Page_Amazon.com. Spend less. Smile more/a_Todays Deals' is clicked on

26-01-2024T21:02:48 - [MESSAGE][PASSED] - Object: 'Object Repository/Amazon_Deals_OR/Page_Amazon.com. Spend less. Smile more/a_Todays Deals' is clicked on

26-01-2024T21:02:48 - [TEST_STEP][PASSED] - closeBrowser(): Browser is closed

26-01-2024T21:02:49 - [MESSAGE][PASSED] - Browser is closed]]></system-out>
         <system-err><![CDATA[]]></system-err>
      </testcase>
      <system-out><![CDATA[26-01-2024T21:00:03 - [TEST_SUITE][FAILED] - Amazon_Deals_Zipcode: Test Cases/Data_Driven_Testing/TC_Amazon_TodaysDeals_05 FAILED.
Reason:
com.kms.katalon.core.exception.StepFailedException: Unable to click on object 'Object Repository/Amazon_Deals_OR/Page_Amazon.com. Spend less. Smile more/span_Hello, sign in'
	at com.kms.katalon.core.webui.keyword.internal.WebUIKeywordMain.stepFailed(WebUIKeywordMain.groovy:64)
	at com.kms.katalon.core.webui.keyword.internal.WebUIKeywordMain.runKeyword(WebUIKeywordMain.groovy:26)
	at com.kms.katalon.core.webui.keyword.builtin.ClickKeyword.click(ClickKeyword.groovy:74)
	at com.kms.katalon.core.webui.keyword.builtin.ClickKeyword.execute(ClickKeyword.groovy:40)
	at com.kms.katalon.core.keyword.internal.KeywordExecutor.executeKeywordForPlatform(KeywordExecutor.groovy:74)
	at com.kms.katalon.core.webui.keyword.WebUiBuiltInKeywords.click(WebUiBuiltInKeywords.groovy:659)
	at TC_Amazon_TodaysDeals_05.run(TC_Amazon_TodaysDeals_05:24)
	at com.kms.katalon.core.main.ScriptEngine.run(ScriptEngine.java:194)
	at com.kms.katalon.core.main.ScriptEngine.runScriptAsRawText(ScriptEngine.java:119)
	at com.kms.katalon.core.main.TestCaseExecutor.runScript(TestCaseExecutor.java:448)
	at com.kms.katalon.core.main.TestCaseExecutor.doExecute(TestCaseExecutor.java:439)
	at com.kms.katalon.core.main.TestCaseExecutor.processExecutionPhase(TestCaseExecutor.java:418)
	at com.kms.katalon.core.main.TestCaseExecutor.accessMainPhase(TestCaseExecutor.java:410)
	at com.kms.katalon.core.main.TestCaseExecutor.execute(TestCaseExecutor.java:285)
	at com.kms.katalon.core.common.CommonExecutor.accessTestCaseMainPhase(CommonExecutor.java:65)
	at com.kms.katalon.core.main.TestSuiteExecutor.accessTestSuiteMainPhase(TestSuiteExecutor.java:148)
	at com.kms.katalon.core.main.TestSuiteExecutor.execute(TestSuiteExecutor.java:106)
	at com.kms.katalon.core.main.TestCaseMain.startTestSuite(TestCaseMain.java:180)
	at TempTestSuite1706282998994.run(TempTestSuite1706282998994.groovy:36)
	at java.base/jdk.internal.reflect.NativeMethodAccessorImpl.invoke0(Native Method)
	at java.base/jdk.internal.reflect.NativeMethodAccessorImpl.invoke(NativeMethodAccessorImpl.java:77)
	at java.base/jdk.internal.reflect.DelegatingMethodAccessorImpl.invoke(DelegatingMethodAccessorImpl.java:43)
Caused by: com.kms.katalon.core.webui.exception.WebElementNotFoundException: Web element with id: 'Object Repository/Amazon_Deals_OR/Page_Amazon.com. Spend less. Smile more/span_Hello, sign in' located by '//span[@id='nav-link-accountList-nav-line-1']' not found
	at com.kms.katalon.core.webui.common.WebUiCommonHelper.findWebElement(WebUiCommonHelper.java:1379)
	at com.kms.katalon.core.webui.keyword.internal.WebUIAbstractKeyword.findWebElement(WebUIAbstractKeyword.groovy:27)
	at com.kms.katalon.core.webui.keyword.builtin.ClickKeyword$_click_closure1.doCall(ClickKeyword.groovy:65)
	at com.kms.katalon.core.webui.keyword.builtin.ClickKeyword$_click_closure1.call(ClickKeyword.groovy)
	at com.kms.katalon.core.webui.keyword.internal.WebUIKeywordMain.runKeyword(WebUIKeywordMain.groovy:20)
	... 20 more]]></system-out>
      <system-err><![CDATA[26-01-2024T21:00:03 - [TEST_SUITE][FAILED] - Amazon_Deals_Zipcode: Test Cases/Data_Driven_Testing/TC_Amazon_TodaysDeals_05 FAILED.
Reason:
com.kms.katalon.core.exception.StepFailedException: Unable to click on object 'Object Repository/Amazon_Deals_OR/Page_Amazon.com. Spend less. Smile more/span_Hello, sign in'
	at com.kms.katalon.core.webui.keyword.internal.WebUIKeywordMain.stepFailed(WebUIKeywordMain.groovy:64)
	at com.kms.katalon.core.webui.keyword.internal.WebUIKeywordMain.runKeyword(WebUIKeywordMain.groovy:26)
	at com.kms.katalon.core.webui.keyword.builtin.ClickKeyword.click(ClickKeyword.groovy:74)
	at com.kms.katalon.core.webui.keyword.builtin.ClickKeyword.execute(ClickKeyword.groovy:40)
	at com.kms.katalon.core.keyword.internal.KeywordExecutor.executeKeywordForPlatform(KeywordExecutor.groovy:74)
	at com.kms.katalon.core.webui.keyword.WebUiBuiltInKeywords.click(WebUiBuiltInKeywords.groovy:659)
	at TC_Amazon_TodaysDeals_05.run(TC_Amazon_TodaysDeals_05:24)
	at com.kms.katalon.core.main.ScriptEngine.run(ScriptEngine.java:194)
	at com.kms.katalon.core.main.ScriptEngine.runScriptAsRawText(ScriptEngine.java:119)
	at com.kms.katalon.core.main.TestCaseExecutor.runScript(TestCaseExecutor.java:448)
	at com.kms.katalon.core.main.TestCaseExecutor.doExecute(TestCaseExecutor.java:439)
	at com.kms.katalon.core.main.TestCaseExecutor.processExecutionPhase(TestCaseExecutor.java:418)
	at com.kms.katalon.core.main.TestCaseExecutor.accessMainPhase(TestCaseExecutor.java:410)
	at com.kms.katalon.core.main.TestCaseExecutor.execute(TestCaseExecutor.java:285)
	at com.kms.katalon.core.common.CommonExecutor.accessTestCaseMainPhase(CommonExecutor.java:65)
	at com.kms.katalon.core.main.TestSuiteExecutor.accessTestSuiteMainPhase(TestSuiteExecutor.java:148)
	at com.kms.katalon.core.main.TestSuiteExecutor.execute(TestSuiteExecutor.java:106)
	at com.kms.katalon.core.main.TestCaseMain.startTestSuite(TestCaseMain.java:180)
	at TempTestSuite1706282998994.run(TempTestSuite1706282998994.groovy:36)
	at java.base/jdk.internal.reflect.NativeMethodAccessorImpl.invoke0(Native Method)
	at java.base/jdk.internal.reflect.NativeMethodAccessorImpl.invoke(NativeMethodAccessorImpl.java:77)
	at java.base/jdk.internal.reflect.DelegatingMethodAccessorImpl.invoke(DelegatingMethodAccessorImpl.java:43)
Caused by: com.kms.katalon.core.webui.exception.WebElementNotFoundException: Web element with id: 'Object Repository/Amazon_Deals_OR/Page_Amazon.com. Spend less. Smile more/span_Hello, sign in' located by '//span[@id='nav-link-accountList-nav-line-1']' not found
	at com.kms.katalon.core.webui.common.WebUiCommonHelper.findWebElement(WebUiCommonHelper.java:1379)
	at com.kms.katalon.core.webui.keyword.internal.WebUIAbstractKeyword.findWebElement(WebUIAbstractKeyword.groovy:27)
	at com.kms.katalon.core.webui.keyword.builtin.ClickKeyword$_click_closure1.doCall(ClickKeyword.groovy:65)
	at com.kms.katalon.core.webui.keyword.builtin.ClickKeyword$_click_closure1.call(ClickKeyword.groovy)
	at com.kms.katalon.core.webui.keyword.internal.WebUIKeywordMain.runKeyword(WebUIKeywordMain.groovy:20)
	... 20 more]]></system-err>
   </testsuite>
</testsuites>
