<?xml version="1.0" encoding="UTF-8"?>
<testsuites name="Amazon search" time="255.533" tests="10" failures="0" errors="0">
   <testsuite name="Amazon search" tests="10" failures="0" errors="0" time="255.533" skipped="0" timestamp="25-01-2024T19:56:51" hostname="tejac - LAPTOP-5AA6QQL1" id="Test Suites/Amazon Validation/Amazon search">
      <properties>
         <property name="deviceName" value=""/>
         <property name="devicePlatform" value=""/>
         <property name="logFolder" value="C:\\Users\\tejac\\git\\Amazon-App\\Reports\\20240125_195647\\Amazon Validation\\Amazon search\\20240125_195647"/>
         <property name="logFiles" value="C:\\Users\\tejac\\git\\Amazon-App\\Reports\\20240125_195647\\Amazon Validation\\Amazon search\\20240125_195647\\execution0.log"/>
         <property name="attachments" value="C:\\Users\\tejac\\git\\Amazon-App\\Reports\\20240125_195647\\Amazon Validation\\Amazon search\\20240125_195647\\1706192896750.png, C:\\Users\\tejac\\git\\Amazon-App\\Reports\\20240125_195647\\Amazon Validation\\Amazon search\\20240125_195647\\1706193038459.png"/>
         <property name="hostName" value="tejac - LAPTOP-5AA6QQL1"/>
         <property name="os" value="Windows 11 64bit"/>
         <property name="katalonVersion" value="9.2.0.212"/>
         <property name="browser" value="Chrome 121.0.0.0"/>
         <property name="hostAddress" value="192.168.0.143"/>
         <property name="sessionId" value="cba66404e99286579758cf88be8aeaae"/>
         <property name="seleniumVersion" value="3.141.59"/>
         <property name="proxyInformation" value="ProxyInformation { proxyOption=NO_PROXY, proxyServerType=HTTP, username=, password=********, proxyServerAddress=, proxyServerPort=0, executionList=&quot;&quot;, isApplyToDesiredCapabilities=true }"/>
         <property name="platform" value="Windows 11"/>
      </properties>
      <testcase name="Test Cases/Data_Driven_Testing/TC_Amazon_Sarch_02" time="46.314" classname="Test Cases/Data_Driven_Testing/TC_Amazon_Sarch_02" status="PASSED">
         <system-out><![CDATA[25-01-2024T19:56:51 - [TEST_CASE][PASSED] - Test Cases/Data_Driven_Testing/TC_Amazon_Sarch_02: Test Cases/Data_Driven_Testing/TC_Amazon_Sarch_02

25-01-2024T19:56:52 - [TEST_STEP][PASSED] - openBrowser(""): Browser is opened with url: ''

25-01-2024T19:56:52 - [MESSAGE][INFO] - Starting 'Chrome' driver

25-01-2024T19:56:52 - [MESSAGE][INFO] - Action delay is set to 0 milliseconds

25-01-2024T19:56:55 - [MESSAGE][PASSED] - Browser is opened with url: ''

25-01-2024T19:56:55 - [TEST_STEP][PASSED] - navigateToUrl("https://www.amazon.com/"): Navigate to 'https://www.amazon.com/' successfully

25-01-2024T19:56:57 - [MESSAGE][PASSED] - Navigate to 'https://www.amazon.com/' successfully

25-01-2024T19:56:57 - [TEST_STEP][PASSED] - selectOptionByValue(findTestObject("Object Repository/Amazon_Login_OR/Page_Amazon.com. Spend less. Smile more/select_All Departments        Arts  Crafts _135c92"), "search-alias=electronics-intl-ship", true): All options with value 'search-alias=electronics-intl-ship' are selected in object 'Object Repository/Amazon_Login_OR/Page_Amazon.com. Spend less. Smile more/select_All Departments        Arts  Crafts _135c92'  using regular expression

25-01-2024T19:57:30 - [MESSAGE][PASSED] - All options with value 'search-alias=electronics-intl-ship' are selected in object 'Object Repository/Amazon_Login_OR/Page_Amazon.com. Spend less. Smile more/select_All Departments        Arts  Crafts _135c92'  using regular expression

25-01-2024T19:57:30 - [TEST_STEP][PASSED] - setText(findTestObject("Object Repository/Amazon_Login_OR/Page_Amazon.com. Spend less. Smile more/input_field-keywords"), "Alexa"): Text 'Alexa' is set on object 'Object Repository/Amazon_Login_OR/Page_Amazon.com. Spend less. Smile more/input_field-keywords'

25-01-2024T19:57:31 - [MESSAGE][PASSED] - Text 'Alexa' is set on object 'Object Repository/Amazon_Login_OR/Page_Amazon.com. Spend less. Smile more/input_field-keywords'

25-01-2024T19:57:31 - [TEST_STEP][PASSED] - click(findTestObject("Object Repository/Amazon_Login_OR/Page_Amazon.com. Spend less. Smile more/inputnav-search-submit-button")): Object: 'Object Repository/Amazon_Login_OR/Page_Amazon.com. Spend less. Smile more/inputnav-search-submit-button' is clicked on

25-01-2024T19:57:37 - [MESSAGE][PASSED] - Object: 'Object Repository/Amazon_Login_OR/Page_Amazon.com. Spend less. Smile more/inputnav-search-submit-button' is clicked on

25-01-2024T19:57:37 - [TEST_STEP][PASSED] - closeBrowser(): Browser is closed

25-01-2024T19:57:38 - [MESSAGE][PASSED] - Browser is closed]]></system-out>
         <system-err><![CDATA[]]></system-err>
      </testcase>
      <testcase name="Test Cases/Data_Driven_Testing/TC_Amazon_Sarch_02" time="15.193" classname="Test Cases/Data_Driven_Testing/TC_Amazon_Sarch_02" status="PASSED">
         <system-out><![CDATA[25-01-2024T19:57:38 - [TEST_CASE][PASSED] - Test Cases/Data_Driven_Testing/TC_Amazon_Sarch_02: Test Cases/Data_Driven_Testing/TC_Amazon_Sarch_02

25-01-2024T19:57:38 - [TEST_STEP][PASSED] - openBrowser(""): Browser is opened with url: ''

25-01-2024T19:57:38 - [MESSAGE][INFO] - Starting 'Chrome' driver

25-01-2024T19:57:38 - [MESSAGE][INFO] - Action delay is set to 0 milliseconds

25-01-2024T19:57:39 - [MESSAGE][PASSED] - Browser is opened with url: ''

25-01-2024T19:57:39 - [TEST_STEP][PASSED] - navigateToUrl("https://www.amazon.com/"): Navigate to 'https://www.amazon.com/' successfully

25-01-2024T19:57:40 - [MESSAGE][PASSED] - Navigate to 'https://www.amazon.com/' successfully

25-01-2024T19:57:40 - [TEST_STEP][PASSED] - selectOptionByValue(findTestObject("Object Repository/Amazon_Login_OR/Page_Amazon.com. Spend less. Smile more/select_All Departments        Arts  Crafts _135c92"), "search-alias=electronics-intl-ship", true): All options with value 'search-alias=electronics-intl-ship' are selected in object 'Object Repository/Amazon_Login_OR/Page_Amazon.com. Spend less. Smile more/select_All Departments        Arts  Crafts _135c92'  using regular expression

25-01-2024T19:57:44 - [MESSAGE][PASSED] - All options with value 'search-alias=electronics-intl-ship' are selected in object 'Object Repository/Amazon_Login_OR/Page_Amazon.com. Spend less. Smile more/select_All Departments        Arts  Crafts _135c92'  using regular expression

25-01-2024T19:57:44 - [TEST_STEP][PASSED] - setText(findTestObject("Object Repository/Amazon_Login_OR/Page_Amazon.com. Spend less. Smile more/input_field-keywords"), "Alexa"): Text 'Alexa' is set on object 'Object Repository/Amazon_Login_OR/Page_Amazon.com. Spend less. Smile more/input_field-keywords'

25-01-2024T19:57:46 - [MESSAGE][PASSED] - Text 'Alexa' is set on object 'Object Repository/Amazon_Login_OR/Page_Amazon.com. Spend less. Smile more/input_field-keywords'

25-01-2024T19:57:46 - [TEST_STEP][PASSED] - click(findTestObject("Object Repository/Amazon_Login_OR/Page_Amazon.com. Spend less. Smile more/inputnav-search-submit-button")): Object: 'Object Repository/Amazon_Login_OR/Page_Amazon.com. Spend less. Smile more/inputnav-search-submit-button' is clicked on

25-01-2024T19:57:53 - [MESSAGE][PASSED] - Object: 'Object Repository/Amazon_Login_OR/Page_Amazon.com. Spend less. Smile more/inputnav-search-submit-button' is clicked on

25-01-2024T19:57:53 - [TEST_STEP][PASSED] - closeBrowser(): Browser is closed

25-01-2024T19:57:53 - [MESSAGE][PASSED] - Browser is closed]]></system-out>
         <system-err><![CDATA[]]></system-err>
      </testcase>
      <testcase name="Test Cases/Data_Driven_Testing/TC_Amazon_Sarch_02" time="14.686" classname="Test Cases/Data_Driven_Testing/TC_Amazon_Sarch_02" status="PASSED">
         <system-out><![CDATA[25-01-2024T19:57:53 - [TEST_CASE][PASSED] - Test Cases/Data_Driven_Testing/TC_Amazon_Sarch_02: Test Cases/Data_Driven_Testing/TC_Amazon_Sarch_02

25-01-2024T19:57:53 - [TEST_STEP][PASSED] - openBrowser(""): Browser is opened with url: ''

25-01-2024T19:57:53 - [MESSAGE][INFO] - Starting 'Chrome' driver

25-01-2024T19:57:53 - [MESSAGE][INFO] - Action delay is set to 0 milliseconds

25-01-2024T19:57:55 - [MESSAGE][PASSED] - Browser is opened with url: ''

25-01-2024T19:57:55 - [TEST_STEP][PASSED] - navigateToUrl("https://www.amazon.com/"): Navigate to 'https://www.amazon.com/' successfully

25-01-2024T19:57:55 - [MESSAGE][PASSED] - Navigate to 'https://www.amazon.com/' successfully

25-01-2024T19:57:55 - [TEST_STEP][PASSED] - selectOptionByValue(findTestObject("Object Repository/Amazon_Login_OR/Page_Amazon.com. Spend less. Smile more/select_All Departments        Arts  Crafts _135c92"), "search-alias=electronics-intl-ship", true): All options with value 'search-alias=electronics-intl-ship' are selected in object 'Object Repository/Amazon_Login_OR/Page_Amazon.com. Spend less. Smile more/select_All Departments        Arts  Crafts _135c92'  using regular expression

25-01-2024T19:57:59 - [MESSAGE][PASSED] - All options with value 'search-alias=electronics-intl-ship' are selected in object 'Object Repository/Amazon_Login_OR/Page_Amazon.com. Spend less. Smile more/select_All Departments        Arts  Crafts _135c92'  using regular expression

25-01-2024T19:57:59 - [TEST_STEP][PASSED] - setText(findTestObject("Object Repository/Amazon_Login_OR/Page_Amazon.com. Spend less. Smile more/input_field-keywords"), "Alexa"): Text 'Alexa' is set on object 'Object Repository/Amazon_Login_OR/Page_Amazon.com. Spend less. Smile more/input_field-keywords'

25-01-2024T19:58:01 - [MESSAGE][PASSED] - Text 'Alexa' is set on object 'Object Repository/Amazon_Login_OR/Page_Amazon.com. Spend less. Smile more/input_field-keywords'

25-01-2024T19:58:01 - [TEST_STEP][PASSED] - click(findTestObject("Object Repository/Amazon_Login_OR/Page_Amazon.com. Spend less. Smile more/inputnav-search-submit-button")): Object: 'Object Repository/Amazon_Login_OR/Page_Amazon.com. Spend less. Smile more/inputnav-search-submit-button' is clicked on

25-01-2024T19:58:08 - [MESSAGE][PASSED] - Object: 'Object Repository/Amazon_Login_OR/Page_Amazon.com. Spend less. Smile more/inputnav-search-submit-button' is clicked on

25-01-2024T19:58:08 - [TEST_STEP][PASSED] - closeBrowser(): Browser is closed

25-01-2024T19:58:08 - [MESSAGE][PASSED] - Browser is closed]]></system-out>
         <system-err><![CDATA[]]></system-err>
      </testcase>
      <testcase name="Test Cases/Data_Driven_Testing/TC_Amazon_Sarch_02" time="17.414" classname="Test Cases/Data_Driven_Testing/TC_Amazon_Sarch_02" status="PASSED">
         <system-out><![CDATA[25-01-2024T19:58:17 - [TEST_CASE][PASSED] - Test Cases/Data_Driven_Testing/TC_Amazon_Sarch_02: Test Cases/Data_Driven_Testing/TC_Amazon_Sarch_02

25-01-2024T19:58:17 - [TEST_STEP][PASSED] - openBrowser(""): Browser is opened with url: ''

25-01-2024T19:58:17 - [MESSAGE][WARNING] - A browser is already opened. Closing browser and opening a new one

25-01-2024T19:58:17 - [MESSAGE][INFO] - Starting 'Chrome' driver

25-01-2024T19:58:17 - [MESSAGE][INFO] - Action delay is set to 0 milliseconds

25-01-2024T19:58:19 - [MESSAGE][PASSED] - Browser is opened with url: ''

25-01-2024T19:58:19 - [TEST_STEP][PASSED] - navigateToUrl("https://www.amazon.com/"): Navigate to 'https://www.amazon.com/' successfully

25-01-2024T19:58:22 - [MESSAGE][PASSED] - Navigate to 'https://www.amazon.com/' successfully

25-01-2024T19:58:22 - [TEST_STEP][PASSED] - selectOptionByValue(findTestObject("Object Repository/Amazon_Login_OR/Page_Amazon.com. Spend less. Smile more/select_All Departments        Arts  Crafts _135c92"), "search-alias=electronics-intl-ship", true): All options with value 'search-alias=electronics-intl-ship' are selected in object 'Object Repository/Amazon_Login_OR/Page_Amazon.com. Spend less. Smile more/select_All Departments        Arts  Crafts _135c92'  using regular expression

25-01-2024T19:58:25 - [MESSAGE][PASSED] - All options with value 'search-alias=electronics-intl-ship' are selected in object 'Object Repository/Amazon_Login_OR/Page_Amazon.com. Spend less. Smile more/select_All Departments        Arts  Crafts _135c92'  using regular expression

25-01-2024T19:58:25 - [TEST_STEP][PASSED] - setText(findTestObject("Object Repository/Amazon_Login_OR/Page_Amazon.com. Spend less. Smile more/input_field-keywords"), "Alexa"): Text 'Alexa' is set on object 'Object Repository/Amazon_Login_OR/Page_Amazon.com. Spend less. Smile more/input_field-keywords'

25-01-2024T19:58:27 - [MESSAGE][PASSED] - Text 'Alexa' is set on object 'Object Repository/Amazon_Login_OR/Page_Amazon.com. Spend less. Smile more/input_field-keywords'

25-01-2024T19:58:27 - [TEST_STEP][PASSED] - click(findTestObject("Object Repository/Amazon_Login_OR/Page_Amazon.com. Spend less. Smile more/inputnav-search-submit-button")): Object: 'Object Repository/Amazon_Login_OR/Page_Amazon.com. Spend less. Smile more/inputnav-search-submit-button' is clicked on

25-01-2024T19:58:34 - [MESSAGE][PASSED] - Object: 'Object Repository/Amazon_Login_OR/Page_Amazon.com. Spend less. Smile more/inputnav-search-submit-button' is clicked on

25-01-2024T19:58:34 - [TEST_STEP][PASSED] - closeBrowser(): Browser is closed

25-01-2024T19:58:34 - [MESSAGE][PASSED] - Browser is closed]]></system-out>
         <system-err><![CDATA[]]></system-err>
      </testcase>
      <testcase name="Test Cases/Data_Driven_Testing/TC_Amazon_Sarch_02" time="15.825" classname="Test Cases/Data_Driven_Testing/TC_Amazon_Sarch_02" status="PASSED">
         <system-out><![CDATA[25-01-2024T19:58:34 - [TEST_CASE][PASSED] - Test Cases/Data_Driven_Testing/TC_Amazon_Sarch_02: Test Cases/Data_Driven_Testing/TC_Amazon_Sarch_02

25-01-2024T19:58:34 - [TEST_STEP][PASSED] - openBrowser(""): Browser is opened with url: ''

25-01-2024T19:58:34 - [MESSAGE][INFO] - Starting 'Chrome' driver

25-01-2024T19:58:34 - [MESSAGE][INFO] - Action delay is set to 0 milliseconds

25-01-2024T19:58:36 - [MESSAGE][PASSED] - Browser is opened with url: ''

25-01-2024T19:58:36 - [TEST_STEP][PASSED] - navigateToUrl("https://www.amazon.com/"): Navigate to 'https://www.amazon.com/' successfully

25-01-2024T19:58:37 - [MESSAGE][PASSED] - Navigate to 'https://www.amazon.com/' successfully

25-01-2024T19:58:37 - [TEST_STEP][PASSED] - selectOptionByValue(findTestObject("Object Repository/Amazon_Login_OR/Page_Amazon.com. Spend less. Smile more/select_All Departments        Arts  Crafts _135c92"), "search-alias=electronics-intl-ship", true): All options with value 'search-alias=electronics-intl-ship' are selected in object 'Object Repository/Amazon_Login_OR/Page_Amazon.com. Spend less. Smile more/select_All Departments        Arts  Crafts _135c92'  using regular expression

25-01-2024T19:58:42 - [MESSAGE][PASSED] - All options with value 'search-alias=electronics-intl-ship' are selected in object 'Object Repository/Amazon_Login_OR/Page_Amazon.com. Spend less. Smile more/select_All Departments        Arts  Crafts _135c92'  using regular expression

25-01-2024T19:58:42 - [TEST_STEP][PASSED] - setText(findTestObject("Object Repository/Amazon_Login_OR/Page_Amazon.com. Spend less. Smile more/input_field-keywords"), "Alexa"): Text 'Alexa' is set on object 'Object Repository/Amazon_Login_OR/Page_Amazon.com. Spend less. Smile more/input_field-keywords'

25-01-2024T19:58:44 - [MESSAGE][PASSED] - Text 'Alexa' is set on object 'Object Repository/Amazon_Login_OR/Page_Amazon.com. Spend less. Smile more/input_field-keywords'

25-01-2024T19:58:44 - [TEST_STEP][PASSED] - click(findTestObject("Object Repository/Amazon_Login_OR/Page_Amazon.com. Spend less. Smile more/inputnav-search-submit-button")): Object: 'Object Repository/Amazon_Login_OR/Page_Amazon.com. Spend less. Smile more/inputnav-search-submit-button' is clicked on

25-01-2024T19:58:50 - [MESSAGE][PASSED] - Object: 'Object Repository/Amazon_Login_OR/Page_Amazon.com. Spend less. Smile more/inputnav-search-submit-button' is clicked on

25-01-2024T19:58:50 - [TEST_STEP][PASSED] - closeBrowser(): Browser is closed

25-01-2024T19:58:50 - [MESSAGE][PASSED] - Browser is closed]]></system-out>
         <system-err><![CDATA[]]></system-err>
      </testcase>
      <testcase name="Test Cases/Data_Driven_Testing/TC_Amazon_Sarch_02" time="44.318" classname="Test Cases/Data_Driven_Testing/TC_Amazon_Sarch_02" status="PASSED">
         <system-out><![CDATA[25-01-2024T19:58:50 - [TEST_CASE][PASSED] - Test Cases/Data_Driven_Testing/TC_Amazon_Sarch_02: Test Cases/Data_Driven_Testing/TC_Amazon_Sarch_02

25-01-2024T19:58:50 - [TEST_STEP][PASSED] - openBrowser(""): Browser is opened with url: ''

25-01-2024T19:58:50 - [MESSAGE][INFO] - Starting 'Chrome' driver

25-01-2024T19:58:50 - [MESSAGE][INFO] - Action delay is set to 0 milliseconds

25-01-2024T19:58:52 - [MESSAGE][PASSED] - Browser is opened with url: ''

25-01-2024T19:58:52 - [TEST_STEP][PASSED] - navigateToUrl("https://www.amazon.com/"): Navigate to 'https://www.amazon.com/' successfully

25-01-2024T19:58:54 - [MESSAGE][PASSED] - Navigate to 'https://www.amazon.com/' successfully

25-01-2024T19:58:54 - [TEST_STEP][PASSED] - selectOptionByValue(findTestObject("Object Repository/Amazon_Login_OR/Page_Amazon.com. Spend less. Smile more/select_All Departments        Arts  Crafts _135c92"), "search-alias=electronics-intl-ship", true): All options with value 'search-alias=electronics-intl-ship' are selected in object 'Object Repository/Amazon_Login_OR/Page_Amazon.com. Spend less. Smile more/select_All Departments        Arts  Crafts _135c92'  using regular expression

25-01-2024T19:59:22 - [MESSAGE][PASSED] - All options with value 'search-alias=electronics-intl-ship' are selected in object 'Object Repository/Amazon_Login_OR/Page_Amazon.com. Spend less. Smile more/select_All Departments        Arts  Crafts _135c92'  using regular expression

25-01-2024T19:59:22 - [TEST_STEP][PASSED] - setText(findTestObject("Object Repository/Amazon_Login_OR/Page_Amazon.com. Spend less. Smile more/input_field-keywords"), "Alexa"): Text 'Alexa' is set on object 'Object Repository/Amazon_Login_OR/Page_Amazon.com. Spend less. Smile more/input_field-keywords'

25-01-2024T19:59:27 - [MESSAGE][PASSED] - Text 'Alexa' is set on object 'Object Repository/Amazon_Login_OR/Page_Amazon.com. Spend less. Smile more/input_field-keywords'

25-01-2024T19:59:27 - [TEST_STEP][PASSED] - click(findTestObject("Object Repository/Amazon_Login_OR/Page_Amazon.com. Spend less. Smile more/inputnav-search-submit-button")): Object: 'Object Repository/Amazon_Login_OR/Page_Amazon.com. Spend less. Smile more/inputnav-search-submit-button' is clicked on

25-01-2024T19:59:34 - [MESSAGE][PASSED] - Object: 'Object Repository/Amazon_Login_OR/Page_Amazon.com. Spend less. Smile more/inputnav-search-submit-button' is clicked on

25-01-2024T19:59:34 - [TEST_STEP][PASSED] - closeBrowser(): Browser is closed

25-01-2024T19:59:34 - [MESSAGE][PASSED] - Browser is closed]]></system-out>
         <system-err><![CDATA[]]></system-err>
      </testcase>
      <testcase name="Test Cases/Data_Driven_Testing/TC_Amazon_Sarch_02" time="17.43" classname="Test Cases/Data_Driven_Testing/TC_Amazon_Sarch_02" status="PASSED">
         <system-out><![CDATA[25-01-2024T19:59:34 - [TEST_CASE][PASSED] - Test Cases/Data_Driven_Testing/TC_Amazon_Sarch_02: Test Cases/Data_Driven_Testing/TC_Amazon_Sarch_02

25-01-2024T19:59:35 - [TEST_STEP][PASSED] - openBrowser(""): Browser is opened with url: ''

25-01-2024T19:59:35 - [MESSAGE][INFO] - Starting 'Chrome' driver

25-01-2024T19:59:35 - [MESSAGE][INFO] - Action delay is set to 0 milliseconds

25-01-2024T19:59:36 - [MESSAGE][PASSED] - Browser is opened with url: ''

25-01-2024T19:59:36 - [TEST_STEP][PASSED] - navigateToUrl("https://www.amazon.com/"): Navigate to 'https://www.amazon.com/' successfully

25-01-2024T19:59:39 - [MESSAGE][PASSED] - Navigate to 'https://www.amazon.com/' successfully

25-01-2024T19:59:39 - [TEST_STEP][PASSED] - selectOptionByValue(findTestObject("Object Repository/Amazon_Login_OR/Page_Amazon.com. Spend less. Smile more/select_All Departments        Arts  Crafts _135c92"), "search-alias=electronics-intl-ship", true): All options with value 'search-alias=electronics-intl-ship' are selected in object 'Object Repository/Amazon_Login_OR/Page_Amazon.com. Spend less. Smile more/select_All Departments        Arts  Crafts _135c92'  using regular expression

25-01-2024T19:59:42 - [MESSAGE][PASSED] - All options with value 'search-alias=electronics-intl-ship' are selected in object 'Object Repository/Amazon_Login_OR/Page_Amazon.com. Spend less. Smile more/select_All Departments        Arts  Crafts _135c92'  using regular expression

25-01-2024T19:59:42 - [TEST_STEP][PASSED] - setText(findTestObject("Object Repository/Amazon_Login_OR/Page_Amazon.com. Spend less. Smile more/input_field-keywords"), "Alexa"): Text 'Alexa' is set on object 'Object Repository/Amazon_Login_OR/Page_Amazon.com. Spend less. Smile more/input_field-keywords'

25-01-2024T19:59:43 - [MESSAGE][PASSED] - Text 'Alexa' is set on object 'Object Repository/Amazon_Login_OR/Page_Amazon.com. Spend less. Smile more/input_field-keywords'

25-01-2024T19:59:43 - [TEST_STEP][PASSED] - click(findTestObject("Object Repository/Amazon_Login_OR/Page_Amazon.com. Spend less. Smile more/inputnav-search-submit-button")): Object: 'Object Repository/Amazon_Login_OR/Page_Amazon.com. Spend less. Smile more/inputnav-search-submit-button' is clicked on

25-01-2024T19:59:52 - [MESSAGE][PASSED] - Object: 'Object Repository/Amazon_Login_OR/Page_Amazon.com. Spend less. Smile more/inputnav-search-submit-button' is clicked on

25-01-2024T19:59:52 - [TEST_STEP][PASSED] - closeBrowser(): Browser is closed

25-01-2024T19:59:52 - [MESSAGE][PASSED] - Browser is closed]]></system-out>
         <system-err><![CDATA[]]></system-err>
      </testcase>
      <testcase name="Test Cases/Data_Driven_Testing/TC_Amazon_Sarch_02" time="14.2" classname="Test Cases/Data_Driven_Testing/TC_Amazon_Sarch_02" status="PASSED">
         <system-out><![CDATA[25-01-2024T19:59:52 - [TEST_CASE][PASSED] - Test Cases/Data_Driven_Testing/TC_Amazon_Sarch_02: Test Cases/Data_Driven_Testing/TC_Amazon_Sarch_02

25-01-2024T19:59:52 - [TEST_STEP][PASSED] - openBrowser(""): Browser is opened with url: ''

25-01-2024T19:59:52 - [MESSAGE][INFO] - Starting 'Chrome' driver

25-01-2024T19:59:52 - [MESSAGE][INFO] - Action delay is set to 0 milliseconds

25-01-2024T19:59:53 - [MESSAGE][PASSED] - Browser is opened with url: ''

25-01-2024T19:59:53 - [TEST_STEP][PASSED] - navigateToUrl("https://www.amazon.com/"): Navigate to 'https://www.amazon.com/' successfully

25-01-2024T19:59:56 - [MESSAGE][PASSED] - Navigate to 'https://www.amazon.com/' successfully

25-01-2024T19:59:56 - [TEST_STEP][PASSED] - selectOptionByValue(findTestObject("Object Repository/Amazon_Login_OR/Page_Amazon.com. Spend less. Smile more/select_All Departments        Arts  Crafts _135c92"), "search-alias=electronics-intl-ship", true): All options with value 'search-alias=electronics-intl-ship' are selected in object 'Object Repository/Amazon_Login_OR/Page_Amazon.com. Spend less. Smile more/select_All Departments        Arts  Crafts _135c92'  using regular expression

25-01-2024T19:59:58 - [MESSAGE][PASSED] - All options with value 'search-alias=electronics-intl-ship' are selected in object 'Object Repository/Amazon_Login_OR/Page_Amazon.com. Spend less. Smile more/select_All Departments        Arts  Crafts _135c92'  using regular expression

25-01-2024T19:59:58 - [TEST_STEP][PASSED] - setText(findTestObject("Object Repository/Amazon_Login_OR/Page_Amazon.com. Spend less. Smile more/input_field-keywords"), "Alexa"): Text 'Alexa' is set on object 'Object Repository/Amazon_Login_OR/Page_Amazon.com. Spend less. Smile more/input_field-keywords'

25-01-2024T20:00:00 - [MESSAGE][PASSED] - Text 'Alexa' is set on object 'Object Repository/Amazon_Login_OR/Page_Amazon.com. Spend less. Smile more/input_field-keywords'

25-01-2024T20:00:00 - [TEST_STEP][PASSED] - click(findTestObject("Object Repository/Amazon_Login_OR/Page_Amazon.com. Spend less. Smile more/inputnav-search-submit-button")): Object: 'Object Repository/Amazon_Login_OR/Page_Amazon.com. Spend less. Smile more/inputnav-search-submit-button' is clicked on

25-01-2024T20:00:06 - [MESSAGE][PASSED] - Object: 'Object Repository/Amazon_Login_OR/Page_Amazon.com. Spend less. Smile more/inputnav-search-submit-button' is clicked on

25-01-2024T20:00:06 - [TEST_STEP][PASSED] - closeBrowser(): Browser is closed

25-01-2024T20:00:06 - [MESSAGE][PASSED] - Browser is closed]]></system-out>
         <system-err><![CDATA[]]></system-err>
      </testcase>
      <testcase name="Test Cases/Data_Driven_Testing/TC_Amazon_Sarch_02" time="24.714" classname="Test Cases/Data_Driven_Testing/TC_Amazon_Sarch_02" status="PASSED">
         <system-out><![CDATA[25-01-2024T20:00:06 - [TEST_CASE][PASSED] - Test Cases/Data_Driven_Testing/TC_Amazon_Sarch_02: Test Cases/Data_Driven_Testing/TC_Amazon_Sarch_02

25-01-2024T20:00:06 - [TEST_STEP][PASSED] - openBrowser(""): Browser is opened with url: ''

25-01-2024T20:00:06 - [MESSAGE][INFO] - Starting 'Chrome' driver

25-01-2024T20:00:06 - [MESSAGE][INFO] - Action delay is set to 0 milliseconds

25-01-2024T20:00:08 - [MESSAGE][PASSED] - Browser is opened with url: ''

25-01-2024T20:00:08 - [TEST_STEP][PASSED] - navigateToUrl("https://www.amazon.com/"): Navigate to 'https://www.amazon.com/' successfully

25-01-2024T20:00:09 - [MESSAGE][PASSED] - Navigate to 'https://www.amazon.com/' successfully

25-01-2024T20:00:09 - [TEST_STEP][PASSED] - selectOptionByValue(findTestObject("Object Repository/Amazon_Login_OR/Page_Amazon.com. Spend less. Smile more/select_All Departments        Arts  Crafts _135c92"), "search-alias=electronics-intl-ship", true): All options with value 'search-alias=electronics-intl-ship' are selected in object 'Object Repository/Amazon_Login_OR/Page_Amazon.com. Spend less. Smile more/select_All Departments        Arts  Crafts _135c92'  using regular expression

25-01-2024T20:00:27 - [MESSAGE][PASSED] - All options with value 'search-alias=electronics-intl-ship' are selected in object 'Object Repository/Amazon_Login_OR/Page_Amazon.com. Spend less. Smile more/select_All Departments        Arts  Crafts _135c92'  using regular expression

25-01-2024T20:00:27 - [TEST_STEP][PASSED] - setText(findTestObject("Object Repository/Amazon_Login_OR/Page_Amazon.com. Spend less. Smile more/input_field-keywords"), "Alexa"): Text 'Alexa' is set on object 'Object Repository/Amazon_Login_OR/Page_Amazon.com. Spend less. Smile more/input_field-keywords'

25-01-2024T20:00:29 - [MESSAGE][PASSED] - Text 'Alexa' is set on object 'Object Repository/Amazon_Login_OR/Page_Amazon.com. Spend less. Smile more/input_field-keywords'

25-01-2024T20:00:29 - [TEST_STEP][PASSED] - click(findTestObject("Object Repository/Amazon_Login_OR/Page_Amazon.com. Spend less. Smile more/inputnav-search-submit-button")): Object: 'Object Repository/Amazon_Login_OR/Page_Amazon.com. Spend less. Smile more/inputnav-search-submit-button' is clicked on

25-01-2024T20:00:31 - [MESSAGE][PASSED] - Object: 'Object Repository/Amazon_Login_OR/Page_Amazon.com. Spend less. Smile more/inputnav-search-submit-button' is clicked on

25-01-2024T20:00:31 - [TEST_STEP][PASSED] - closeBrowser(): Browser is closed

25-01-2024T20:00:31 - [MESSAGE][PASSED] - Browser is closed]]></system-out>
         <system-err><![CDATA[]]></system-err>
      </testcase>
      <testcase name="Test Cases/Data_Driven_Testing/TC_Amazon_Sarch_02" time="28.325" classname="Test Cases/Data_Driven_Testing/TC_Amazon_Sarch_02" status="PASSED">
         <system-out><![CDATA[25-01-2024T20:00:38 - [TEST_CASE][PASSED] - Test Cases/Data_Driven_Testing/TC_Amazon_Sarch_02: Test Cases/Data_Driven_Testing/TC_Amazon_Sarch_02

25-01-2024T20:00:38 - [TEST_STEP][PASSED] - openBrowser(""): Browser is opened with url: ''

25-01-2024T20:00:38 - [MESSAGE][WARNING] - A browser is already opened. Closing browser and opening a new one

25-01-2024T20:00:39 - [MESSAGE][INFO] - Starting 'Chrome' driver

25-01-2024T20:00:39 - [MESSAGE][INFO] - Action delay is set to 0 milliseconds

25-01-2024T20:00:40 - [MESSAGE][PASSED] - Browser is opened with url: ''

25-01-2024T20:00:40 - [TEST_STEP][PASSED] - navigateToUrl("https://www.amazon.com/"): Navigate to 'https://www.amazon.com/' successfully

25-01-2024T20:00:42 - [MESSAGE][PASSED] - Navigate to 'https://www.amazon.com/' successfully

25-01-2024T20:00:42 - [TEST_STEP][PASSED] - selectOptionByValue(findTestObject("Object Repository/Amazon_Login_OR/Page_Amazon.com. Spend less. Smile more/select_All Departments        Arts  Crafts _135c92"), "search-alias=electronics-intl-ship", true): All options with value 'search-alias=electronics-intl-ship' are selected in object 'Object Repository/Amazon_Login_OR/Page_Amazon.com. Spend less. Smile more/select_All Departments        Arts  Crafts _135c92'  using regular expression

25-01-2024T20:00:58 - [MESSAGE][PASSED] - All options with value 'search-alias=electronics-intl-ship' are selected in object 'Object Repository/Amazon_Login_OR/Page_Amazon.com. Spend less. Smile more/select_All Departments        Arts  Crafts _135c92'  using regular expression

25-01-2024T20:00:58 - [TEST_STEP][PASSED] - setText(findTestObject("Object Repository/Amazon_Login_OR/Page_Amazon.com. Spend less. Smile more/input_field-keywords"), "Alexa"): Text 'Alexa' is set on object 'Object Repository/Amazon_Login_OR/Page_Amazon.com. Spend less. Smile more/input_field-keywords'

25-01-2024T20:00:59 - [MESSAGE][PASSED] - Text 'Alexa' is set on object 'Object Repository/Amazon_Login_OR/Page_Amazon.com. Spend less. Smile more/input_field-keywords'

25-01-2024T20:00:59 - [TEST_STEP][PASSED] - click(findTestObject("Object Repository/Amazon_Login_OR/Page_Amazon.com. Spend less. Smile more/inputnav-search-submit-button")): Object: 'Object Repository/Amazon_Login_OR/Page_Amazon.com. Spend less. Smile more/inputnav-search-submit-button' is clicked on

25-01-2024T20:01:06 - [MESSAGE][PASSED] - Object: 'Object Repository/Amazon_Login_OR/Page_Amazon.com. Spend less. Smile more/inputnav-search-submit-button' is clicked on

25-01-2024T20:01:06 - [TEST_STEP][PASSED] - closeBrowser(): Browser is closed

25-01-2024T20:01:07 - [MESSAGE][PASSED] - Browser is closed]]></system-out>
         <system-err><![CDATA[]]></system-err>
      </testcase>
      <system-out><![CDATA[25-01-2024T19:56:51 - [TEST_SUITE][FAILED] - Amazon search: Test Cases/Data_Driven_Testing/TC_Amazon_Sarch_02 FAILED.
Reason:
com.kms.katalon.core.exception.StepFailedException: Unable to select option by value 'search-alias=electronics-intl-ship' of object 'Object Repository/Amazon_Login_OR/Page_Amazon.com. Spend less. Smile more/select_All Departments        Arts  Crafts _135c92'  using regular expression
	at com.kms.katalon.core.webui.keyword.internal.WebUIKeywordMain.stepFailed(WebUIKeywordMain.groovy:64)
	at com.kms.katalon.core.webui.keyword.internal.WebUIKeywordMain.runKeyword(WebUIKeywordMain.groovy:26)
	at com.kms.katalon.core.webui.keyword.builtin.SelectOptionByValueKeyword.selectOptionByValue(SelectOptionByValueKeyword.groovy:99)
	at com.kms.katalon.core.webui.keyword.builtin.SelectOptionByValueKeyword.execute(SelectOptionByValueKeyword.groovy:71)
	at com.kms.katalon.core.keyword.internal.KeywordExecutor.executeKeywordForPlatform(KeywordExecutor.groovy:74)
	at com.kms.katalon.core.webui.keyword.WebUiBuiltInKeywords.selectOptionByValue(WebUiBuiltInKeywords.groovy:1207)
	at TC_Amazon_Sarch_02.run(TC_Amazon_Sarch_02:24)
	at com.kms.katalon.core.main.ScriptEngine.run(ScriptEngine.java:194)
	at com.kms.katalon.core.main.ScriptEngine.runScriptAsRawText(ScriptEngine.java:119)
	at com.kms.katalon.core.main.TestCaseExecutor.runScript(TestCaseExecutor.java:448)
	at com.kms.katalon.core.main.TestCaseExecutor.doExecute(TestCaseExecutor.java:439)
	at com.kms.katalon.core.main.TestCaseExecutor.processExecutionPhase(TestCaseExecutor.java:418)
	at com.kms.katalon.core.main.TestCaseExecutor.accessMainPhase(TestCaseExecutor.java:410)
	at com.kms.katalon.core.main.TestCaseExecutor.execute(TestCaseExecutor.java:285)
	at com.kms.katalon.core.common.CommonExecutor.accessTestCaseMainPhase(CommonExecutor.java:65)
	at com.kms.katalon.core.main.TestSuiteExecutor.accessTestSuiteMainPhase(TestSuiteExecutor.java:148)
	at com.kms.katalon.core.main.TestSuiteExecutor.execute(TestSuiteExecutor.java:106)
	at com.kms.katalon.core.main.TestCaseMain.startTestSuite(TestCaseMain.java:180)
	at TempTestSuite1706192807143.run(TempTestSuite1706192807143.groovy:36)
	at java.base/jdk.internal.reflect.NativeMethodAccessorImpl.invoke0(Native Method)
	at java.base/jdk.internal.reflect.NativeMethodAccessorImpl.invoke(NativeMethodAccessorImpl.java:77)
	at java.base/jdk.internal.reflect.DelegatingMethodAccessorImpl.invoke(DelegatingMethodAccessorImpl.java:43)
Caused by: com.kms.katalon.core.exception.StepFailedException: No option matched.
	at com.kms.katalon.core.keyword.internal.KeywordMain.stepFailed(KeywordMain.groovy:51)
	at com.kms.katalon.core.keyword.internal.KeywordMain.stepFailed(KeywordMain.groovy)
	at com.kms.katalon.core.keyword.internal.KeywordMain.stepFailed(KeywordMain.groovy:23)
	at com.kms.katalon.core.webui.keyword.builtin.SelectOptionByValueKeyword$_selectOptionByValue_closure1.doCall(SelectOptionByValueKeyword.groovy:92)
	at com.kms.katalon.core.webui.keyword.builtin.SelectOptionByValueKeyword$_selectOptionByValue_closure1.call(SelectOptionByValueKeyword.groovy)
	at com.kms.katalon.core.webui.keyword.internal.WebUIKeywordMain.runKeyword(WebUIKeywordMain.groovy:20)
	... 20 more]]></system-out>
      <system-err><![CDATA[25-01-2024T19:56:51 - [TEST_SUITE][FAILED] - Amazon search: Test Cases/Data_Driven_Testing/TC_Amazon_Sarch_02 FAILED.
Reason:
com.kms.katalon.core.exception.StepFailedException: Unable to select option by value 'search-alias=electronics-intl-ship' of object 'Object Repository/Amazon_Login_OR/Page_Amazon.com. Spend less. Smile more/select_All Departments        Arts  Crafts _135c92'  using regular expression
	at com.kms.katalon.core.webui.keyword.internal.WebUIKeywordMain.stepFailed(WebUIKeywordMain.groovy:64)
	at com.kms.katalon.core.webui.keyword.internal.WebUIKeywordMain.runKeyword(WebUIKeywordMain.groovy:26)
	at com.kms.katalon.core.webui.keyword.builtin.SelectOptionByValueKeyword.selectOptionByValue(SelectOptionByValueKeyword.groovy:99)
	at com.kms.katalon.core.webui.keyword.builtin.SelectOptionByValueKeyword.execute(SelectOptionByValueKeyword.groovy:71)
	at com.kms.katalon.core.keyword.internal.KeywordExecutor.executeKeywordForPlatform(KeywordExecutor.groovy:74)
	at com.kms.katalon.core.webui.keyword.WebUiBuiltInKeywords.selectOptionByValue(WebUiBuiltInKeywords.groovy:1207)
	at TC_Amazon_Sarch_02.run(TC_Amazon_Sarch_02:24)
	at com.kms.katalon.core.main.ScriptEngine.run(ScriptEngine.java:194)
	at com.kms.katalon.core.main.ScriptEngine.runScriptAsRawText(ScriptEngine.java:119)
	at com.kms.katalon.core.main.TestCaseExecutor.runScript(TestCaseExecutor.java:448)
	at com.kms.katalon.core.main.TestCaseExecutor.doExecute(TestCaseExecutor.java:439)
	at com.kms.katalon.core.main.TestCaseExecutor.processExecutionPhase(TestCaseExecutor.java:418)
	at com.kms.katalon.core.main.TestCaseExecutor.accessMainPhase(TestCaseExecutor.java:410)
	at com.kms.katalon.core.main.TestCaseExecutor.execute(TestCaseExecutor.java:285)
	at com.kms.katalon.core.common.CommonExecutor.accessTestCaseMainPhase(CommonExecutor.java:65)
	at com.kms.katalon.core.main.TestSuiteExecutor.accessTestSuiteMainPhase(TestSuiteExecutor.java:148)
	at com.kms.katalon.core.main.TestSuiteExecutor.execute(TestSuiteExecutor.java:106)
	at com.kms.katalon.core.main.TestCaseMain.startTestSuite(TestCaseMain.java:180)
	at TempTestSuite1706192807143.run(TempTestSuite1706192807143.groovy:36)
	at java.base/jdk.internal.reflect.NativeMethodAccessorImpl.invoke0(Native Method)
	at java.base/jdk.internal.reflect.NativeMethodAccessorImpl.invoke(NativeMethodAccessorImpl.java:77)
	at java.base/jdk.internal.reflect.DelegatingMethodAccessorImpl.invoke(DelegatingMethodAccessorImpl.java:43)
Caused by: com.kms.katalon.core.exception.StepFailedException: No option matched.
	at com.kms.katalon.core.keyword.internal.KeywordMain.stepFailed(KeywordMain.groovy:51)
	at com.kms.katalon.core.keyword.internal.KeywordMain.stepFailed(KeywordMain.groovy)
	at com.kms.katalon.core.keyword.internal.KeywordMain.stepFailed(KeywordMain.groovy:23)
	at com.kms.katalon.core.webui.keyword.builtin.SelectOptionByValueKeyword$_selectOptionByValue_closure1.doCall(SelectOptionByValueKeyword.groovy:92)
	at com.kms.katalon.core.webui.keyword.builtin.SelectOptionByValueKeyword$_selectOptionByValue_closure1.call(SelectOptionByValueKeyword.groovy)
	at com.kms.katalon.core.webui.keyword.internal.WebUIKeywordMain.runKeyword(WebUIKeywordMain.groovy:20)
	... 20 more]]></system-err>
   </testsuite>
</testsuites>
