<?xml version="1.0" encoding="UTF-8"?>
<testsuites name="Amazon_Wish_Search" time="333.434" tests="13" failures="0" errors="0">
   <testsuite name="Amazon_Wish_Search" tests="13" failures="0" errors="0" time="333.434" skipped="0" timestamp="26-01-2024T23:03:46" hostname="tejac - LAPTOP-5AA6QQL1" id="Test Suites/Amazon Test Suite/Amazon_Wish_Search">
      <properties>
         <property name="deviceName" value=""/>
         <property name="devicePlatform" value=""/>
         <property name="logFolder" value="C:\\Users\\tejac\\git\\Amazon-App\\Reports\\20240126_225322\\Amazon Test Suite\\Amazon_Wish_Search\\20240126_225327"/>
         <property name="logFiles" value="C:\\Users\\tejac\\git\\Amazon-App\\Reports\\20240126_225322\\Amazon Test Suite\\Amazon_Wish_Search\\20240126_225327\\execution0.log"/>
         <property name="attachments" value="C:\\Users\\tejac\\git\\Amazon-App\\Reports\\20240126_225322\\Amazon Test Suite\\Amazon_Wish_Search\\20240126_225327\\1706290507661.png, C:\\Users\\tejac\\git\\Amazon-App\\Reports\\20240126_225322\\Amazon Test Suite\\Amazon_Wish_Search\\20240126_225327\\1706290610901.png"/>
         <property name="hostName" value="tejac - LAPTOP-5AA6QQL1"/>
         <property name="os" value="Windows 11 64bit"/>
         <property name="katalonVersion" value="9.2.0.212"/>
         <property name="browser" value="Edge Chromium 120"/>
         <property name="hostAddress" value="192.168.0.143"/>
         <property name="sessionId" value="75e7d211cbbb34d78cbb3badeb8cea16"/>
         <property name="seleniumVersion" value="3.141.59"/>
         <property name="proxyInformation" value="ProxyInformation { proxyOption=NO_PROXY, proxyServerType=HTTP, username=, password=********, proxyServerAddress=, proxyServerPort=0, executionList=&quot;&quot;, isApplyToDesiredCapabilities=true }"/>
         <property name="platform" value="Windows 11"/>
      </properties>
      <testcase name="Test Cases/Data_Driven_Testing/TC_Amazon_Search_02" time="14.441" classname="Test Cases/Data_Driven_Testing/TC_Amazon_Search_02" status="PASSED">
         <system-out><![CDATA[26-01-2024T23:03:46 - [TEST_CASE][PASSED] - Test Cases/Data_Driven_Testing/TC_Amazon_Search_02: Test Cases/Data_Driven_Testing/TC_Amazon_Search_02

26-01-2024T23:03:46 - [TEST_STEP][PASSED] - openBrowser(""): Browser is opened with url: ''

26-01-2024T23:03:46 - [MESSAGE][INFO] - Starting 'Edge Chromium' driver

26-01-2024T23:03:48 - [MESSAGE][INFO] - Action delay is set to 0 milliseconds

26-01-2024T23:03:49 - [MESSAGE][PASSED] - Browser is opened with url: ''

26-01-2024T23:03:49 - [TEST_STEP][PASSED] - navigateToUrl("https://www.amazon.com/"): Navigate to 'https://www.amazon.com/' successfully

26-01-2024T23:03:52 - [MESSAGE][PASSED] - Navigate to 'https://www.amazon.com/' successfully

26-01-2024T23:03:52 - [TEST_STEP][PASSED] - setText(findTestObject("Object Repository/Amazon_Search_OR/Page_Amazon.com. Spend less. Smile more/input_field-keywords"), "umbrella"): Text 'umbrella' is set on object 'Object Repository/Amazon_Search_OR/Page_Amazon.com. Spend less. Smile more/input_field-keywords'

26-01-2024T23:03:54 - [MESSAGE][PASSED] - Text 'umbrella' is set on object 'Object Repository/Amazon_Search_OR/Page_Amazon.com. Spend less. Smile more/input_field-keywords'

26-01-2024T23:03:54 - [TEST_STEP][PASSED] - click(findTestObject("Object Repository/Amazon_Search_OR/Page_Amazon.com. Spend less. Smile more/inputnav-search-submit-button")): Object: 'Object Repository/Amazon_Search_OR/Page_Amazon.com. Spend less. Smile more/inputnav-search-submit-button' is clicked on

26-01-2024T23:04:00 - [MESSAGE][PASSED] - Object: 'Object Repository/Amazon_Search_OR/Page_Amazon.com. Spend less. Smile more/inputnav-search-submit-button' is clicked on

26-01-2024T23:04:00 - [TEST_STEP][PASSED] - closeBrowser(): Browser is closed

26-01-2024T23:04:00 - [MESSAGE][PASSED] - Browser is closed]]></system-out>
         <system-err><![CDATA[]]></system-err>
      </testcase>
      <testcase name="Test Cases/Data_Driven_Testing/TC_Amazon_Search_02" time="10.634" classname="Test Cases/Data_Driven_Testing/TC_Amazon_Search_02" status="PASSED">
         <system-out><![CDATA[26-01-2024T23:04:00 - [TEST_CASE][PASSED] - Test Cases/Data_Driven_Testing/TC_Amazon_Search_02: Test Cases/Data_Driven_Testing/TC_Amazon_Search_02

26-01-2024T23:04:00 - [TEST_STEP][PASSED] - openBrowser(""): Browser is opened with url: ''

26-01-2024T23:04:00 - [MESSAGE][INFO] - Starting 'Edge Chromium' driver

26-01-2024T23:04:02 - [MESSAGE][INFO] - Action delay is set to 0 milliseconds

26-01-2024T23:04:03 - [MESSAGE][PASSED] - Browser is opened with url: ''

26-01-2024T23:04:03 - [TEST_STEP][PASSED] - navigateToUrl("https://www.amazon.com/"): Navigate to 'https://www.amazon.com/' successfully

26-01-2024T23:04:05 - [MESSAGE][PASSED] - Navigate to 'https://www.amazon.com/' successfully

26-01-2024T23:04:05 - [TEST_STEP][PASSED] - setText(findTestObject("Object Repository/Amazon_Search_OR/Page_Amazon.com. Spend less. Smile more/input_field-keywords"), "umbrella"): Text 'umbrella' is set on object 'Object Repository/Amazon_Search_OR/Page_Amazon.com. Spend less. Smile more/input_field-keywords'

26-01-2024T23:04:06 - [MESSAGE][PASSED] - Text 'umbrella' is set on object 'Object Repository/Amazon_Search_OR/Page_Amazon.com. Spend less. Smile more/input_field-keywords'

26-01-2024T23:04:06 - [TEST_STEP][PASSED] - click(findTestObject("Object Repository/Amazon_Search_OR/Page_Amazon.com. Spend less. Smile more/inputnav-search-submit-button")): Object: 'Object Repository/Amazon_Search_OR/Page_Amazon.com. Spend less. Smile more/inputnav-search-submit-button' is clicked on

26-01-2024T23:04:11 - [MESSAGE][PASSED] - Object: 'Object Repository/Amazon_Search_OR/Page_Amazon.com. Spend less. Smile more/inputnav-search-submit-button' is clicked on

26-01-2024T23:04:11 - [TEST_STEP][PASSED] - closeBrowser(): Browser is closed

26-01-2024T23:04:11 - [MESSAGE][PASSED] - Browser is closed]]></system-out>
         <system-err><![CDATA[]]></system-err>
      </testcase>
      <testcase name="Test Cases/Data_Driven_Testing/TC_Amazon_Search_02" time="17.417" classname="Test Cases/Data_Driven_Testing/TC_Amazon_Search_02" status="PASSED">
         <system-out><![CDATA[26-01-2024T23:04:11 - [TEST_CASE][PASSED] - Test Cases/Data_Driven_Testing/TC_Amazon_Search_02: Test Cases/Data_Driven_Testing/TC_Amazon_Search_02

26-01-2024T23:04:11 - [TEST_STEP][PASSED] - openBrowser(""): Browser is opened with url: ''

26-01-2024T23:04:11 - [MESSAGE][INFO] - Starting 'Edge Chromium' driver

26-01-2024T23:04:13 - [MESSAGE][INFO] - Action delay is set to 0 milliseconds

26-01-2024T23:04:14 - [MESSAGE][PASSED] - Browser is opened with url: ''

26-01-2024T23:04:14 - [TEST_STEP][PASSED] - navigateToUrl("https://www.amazon.com/"): Navigate to 'https://www.amazon.com/' successfully

26-01-2024T23:04:19 - [MESSAGE][PASSED] - Navigate to 'https://www.amazon.com/' successfully

26-01-2024T23:04:19 - [TEST_STEP][PASSED] - setText(findTestObject("Object Repository/Amazon_Search_OR/Page_Amazon.com. Spend less. Smile more/input_field-keywords"), "umbrella"): Text 'umbrella' is set on object 'Object Repository/Amazon_Search_OR/Page_Amazon.com. Spend less. Smile more/input_field-keywords'

26-01-2024T23:04:21 - [MESSAGE][PASSED] - Text 'umbrella' is set on object 'Object Repository/Amazon_Search_OR/Page_Amazon.com. Spend less. Smile more/input_field-keywords'

26-01-2024T23:04:21 - [TEST_STEP][PASSED] - click(findTestObject("Object Repository/Amazon_Search_OR/Page_Amazon.com. Spend less. Smile more/inputnav-search-submit-button")): Object: 'Object Repository/Amazon_Search_OR/Page_Amazon.com. Spend less. Smile more/inputnav-search-submit-button' is clicked on

26-01-2024T23:04:28 - [MESSAGE][PASSED] - Object: 'Object Repository/Amazon_Search_OR/Page_Amazon.com. Spend less. Smile more/inputnav-search-submit-button' is clicked on

26-01-2024T23:04:28 - [TEST_STEP][PASSED] - closeBrowser(): Browser is closed

26-01-2024T23:04:28 - [MESSAGE][PASSED] - Browser is closed]]></system-out>
         <system-err><![CDATA[]]></system-err>
      </testcase>
      <testcase name="Test Cases/Data_Driven_Testing/TC_Amazon_Search_02" time="13.164" classname="Test Cases/Data_Driven_Testing/TC_Amazon_Search_02" status="PASSED">
         <system-out><![CDATA[26-01-2024T23:05:08 - [TEST_CASE][PASSED] - Test Cases/Data_Driven_Testing/TC_Amazon_Search_02: Test Cases/Data_Driven_Testing/TC_Amazon_Search_02

26-01-2024T23:05:08 - [TEST_STEP][PASSED] - openBrowser(""): Browser is opened with url: ''

26-01-2024T23:05:08 - [MESSAGE][WARNING] - A browser is already opened. Closing browser and opening a new one

26-01-2024T23:05:08 - [MESSAGE][INFO] - Starting 'Edge Chromium' driver

26-01-2024T23:05:10 - [MESSAGE][INFO] - Action delay is set to 0 milliseconds

26-01-2024T23:05:11 - [MESSAGE][PASSED] - Browser is opened with url: ''

26-01-2024T23:05:11 - [TEST_STEP][PASSED] - navigateToUrl("https://www.amazon.com/"): Navigate to 'https://www.amazon.com/' successfully

26-01-2024T23:05:13 - [MESSAGE][PASSED] - Navigate to 'https://www.amazon.com/' successfully

26-01-2024T23:05:13 - [TEST_STEP][PASSED] - setText(findTestObject("Object Repository/Amazon_Search_OR/Page_Amazon.com. Spend less. Smile more/input_field-keywords"), "umbrella"): Text 'umbrella' is set on object 'Object Repository/Amazon_Search_OR/Page_Amazon.com. Spend less. Smile more/input_field-keywords'

26-01-2024T23:05:14 - [MESSAGE][PASSED] - Text 'umbrella' is set on object 'Object Repository/Amazon_Search_OR/Page_Amazon.com. Spend less. Smile more/input_field-keywords'

26-01-2024T23:05:14 - [TEST_STEP][PASSED] - click(findTestObject("Object Repository/Amazon_Search_OR/Page_Amazon.com. Spend less. Smile more/inputnav-search-submit-button")): Object: 'Object Repository/Amazon_Search_OR/Page_Amazon.com. Spend less. Smile more/inputnav-search-submit-button' is clicked on

26-01-2024T23:05:20 - [MESSAGE][PASSED] - Object: 'Object Repository/Amazon_Search_OR/Page_Amazon.com. Spend less. Smile more/inputnav-search-submit-button' is clicked on

26-01-2024T23:05:20 - [TEST_STEP][PASSED] - closeBrowser(): Browser is closed

26-01-2024T23:05:21 - [MESSAGE][PASSED] - Browser is closed]]></system-out>
         <system-err><![CDATA[]]></system-err>
      </testcase>
      <testcase name="Test Cases/Data_Driven_Testing/TC_Amazon_Search_02" time="11.239" classname="Test Cases/Data_Driven_Testing/TC_Amazon_Search_02" status="PASSED">
         <system-out><![CDATA[26-01-2024T23:05:21 - [TEST_CASE][PASSED] - Test Cases/Data_Driven_Testing/TC_Amazon_Search_02: Test Cases/Data_Driven_Testing/TC_Amazon_Search_02

26-01-2024T23:05:21 - [TEST_STEP][PASSED] - openBrowser(""): Browser is opened with url: ''

26-01-2024T23:05:21 - [MESSAGE][INFO] - Starting 'Edge Chromium' driver

26-01-2024T23:05:23 - [MESSAGE][INFO] - Action delay is set to 0 milliseconds

26-01-2024T23:05:23 - [MESSAGE][PASSED] - Browser is opened with url: ''

26-01-2024T23:05:23 - [TEST_STEP][PASSED] - navigateToUrl("https://www.amazon.com/"): Navigate to 'https://www.amazon.com/' successfully

26-01-2024T23:05:25 - [MESSAGE][PASSED] - Navigate to 'https://www.amazon.com/' successfully

26-01-2024T23:05:25 - [TEST_STEP][PASSED] - setText(findTestObject("Object Repository/Amazon_Search_OR/Page_Amazon.com. Spend less. Smile more/input_field-keywords"), "umbrella"): Text 'umbrella' is set on object 'Object Repository/Amazon_Search_OR/Page_Amazon.com. Spend less. Smile more/input_field-keywords'

26-01-2024T23:05:26 - [MESSAGE][PASSED] - Text 'umbrella' is set on object 'Object Repository/Amazon_Search_OR/Page_Amazon.com. Spend less. Smile more/input_field-keywords'

26-01-2024T23:05:26 - [TEST_STEP][PASSED] - click(findTestObject("Object Repository/Amazon_Search_OR/Page_Amazon.com. Spend less. Smile more/inputnav-search-submit-button")): Object: 'Object Repository/Amazon_Search_OR/Page_Amazon.com. Spend less. Smile more/inputnav-search-submit-button' is clicked on

26-01-2024T23:05:32 - [MESSAGE][PASSED] - Object: 'Object Repository/Amazon_Search_OR/Page_Amazon.com. Spend less. Smile more/inputnav-search-submit-button' is clicked on

26-01-2024T23:05:32 - [TEST_STEP][PASSED] - closeBrowser(): Browser is closed

26-01-2024T23:05:32 - [MESSAGE][PASSED] - Browser is closed]]></system-out>
         <system-err><![CDATA[]]></system-err>
      </testcase>
      <testcase name="Test Cases/Data_Driven_Testing/TC_Amazon_Search_02" time="39.851" classname="Test Cases/Data_Driven_Testing/TC_Amazon_Search_02" status="PASSED">
         <system-out><![CDATA[26-01-2024T23:05:32 - [TEST_CASE][PASSED] - Test Cases/Data_Driven_Testing/TC_Amazon_Search_02: Test Cases/Data_Driven_Testing/TC_Amazon_Search_02

26-01-2024T23:05:32 - [TEST_STEP][PASSED] - openBrowser(""): Browser is opened with url: ''

26-01-2024T23:05:32 - [MESSAGE][INFO] - Starting 'Edge Chromium' driver

26-01-2024T23:05:34 - [MESSAGE][INFO] - Action delay is set to 0 milliseconds

26-01-2024T23:05:35 - [MESSAGE][PASSED] - Browser is opened with url: ''

26-01-2024T23:05:35 - [TEST_STEP][PASSED] - navigateToUrl("https://www.amazon.com/"): Navigate to 'https://www.amazon.com/' successfully

26-01-2024T23:05:37 - [MESSAGE][PASSED] - Navigate to 'https://www.amazon.com/' successfully

26-01-2024T23:05:37 - [TEST_STEP][PASSED] - setText(findTestObject("Object Repository/Amazon_Search_OR/Page_Amazon.com. Spend less. Smile more/input_field-keywords"), "umbrella"): Text 'umbrella' is set on object 'Object Repository/Amazon_Search_OR/Page_Amazon.com. Spend less. Smile more/input_field-keywords'

26-01-2024T23:06:06 - [MESSAGE][PASSED] - Text 'umbrella' is set on object 'Object Repository/Amazon_Search_OR/Page_Amazon.com. Spend less. Smile more/input_field-keywords'

26-01-2024T23:06:06 - [TEST_STEP][PASSED] - click(findTestObject("Object Repository/Amazon_Search_OR/Page_Amazon.com. Spend less. Smile more/inputnav-search-submit-button")): Object: 'Object Repository/Amazon_Search_OR/Page_Amazon.com. Spend less. Smile more/inputnav-search-submit-button' is clicked on

26-01-2024T23:06:12 - [MESSAGE][PASSED] - Object: 'Object Repository/Amazon_Search_OR/Page_Amazon.com. Spend less. Smile more/inputnav-search-submit-button' is clicked on

26-01-2024T23:06:12 - [TEST_STEP][PASSED] - closeBrowser(): Browser is closed

26-01-2024T23:06:12 - [MESSAGE][PASSED] - Browser is closed]]></system-out>
         <system-err><![CDATA[]]></system-err>
      </testcase>
      <testcase name="Test Cases/Data_Driven_Testing/TC_Amazon_Search_02" time="12.078" classname="Test Cases/Data_Driven_Testing/TC_Amazon_Search_02" status="PASSED">
         <system-out><![CDATA[26-01-2024T23:06:51 - [TEST_CASE][PASSED] - Test Cases/Data_Driven_Testing/TC_Amazon_Search_02: Test Cases/Data_Driven_Testing/TC_Amazon_Search_02

26-01-2024T23:06:51 - [TEST_STEP][PASSED] - openBrowser(""): Browser is opened with url: ''

26-01-2024T23:06:51 - [MESSAGE][WARNING] - A browser is already opened. Closing browser and opening a new one

26-01-2024T23:06:51 - [MESSAGE][INFO] - Starting 'Edge Chromium' driver

26-01-2024T23:06:53 - [MESSAGE][INFO] - Action delay is set to 0 milliseconds

26-01-2024T23:06:54 - [MESSAGE][PASSED] - Browser is opened with url: ''

26-01-2024T23:06:54 - [TEST_STEP][PASSED] - navigateToUrl("https://www.amazon.com/"): Navigate to 'https://www.amazon.com/' successfully

26-01-2024T23:06:55 - [MESSAGE][PASSED] - Navigate to 'https://www.amazon.com/' successfully

26-01-2024T23:06:55 - [TEST_STEP][PASSED] - setText(findTestObject("Object Repository/Amazon_Search_OR/Page_Amazon.com. Spend less. Smile more/input_field-keywords"), "umbrella"): Text 'umbrella' is set on object 'Object Repository/Amazon_Search_OR/Page_Amazon.com. Spend less. Smile more/input_field-keywords'

26-01-2024T23:06:56 - [MESSAGE][PASSED] - Text 'umbrella' is set on object 'Object Repository/Amazon_Search_OR/Page_Amazon.com. Spend less. Smile more/input_field-keywords'

26-01-2024T23:06:56 - [TEST_STEP][PASSED] - click(findTestObject("Object Repository/Amazon_Search_OR/Page_Amazon.com. Spend less. Smile more/inputnav-search-submit-button")): Object: 'Object Repository/Amazon_Search_OR/Page_Amazon.com. Spend less. Smile more/inputnav-search-submit-button' is clicked on

26-01-2024T23:07:03 - [MESSAGE][PASSED] - Object: 'Object Repository/Amazon_Search_OR/Page_Amazon.com. Spend less. Smile more/inputnav-search-submit-button' is clicked on

26-01-2024T23:07:03 - [TEST_STEP][PASSED] - closeBrowser(): Browser is closed

26-01-2024T23:07:03 - [MESSAGE][PASSED] - Browser is closed]]></system-out>
         <system-err><![CDATA[]]></system-err>
      </testcase>
      <testcase name="Test Cases/Data_Driven_Testing/TC_Amazon_Search_02" time="14.527" classname="Test Cases/Data_Driven_Testing/TC_Amazon_Search_02" status="PASSED">
         <system-out><![CDATA[26-01-2024T23:07:03 - [TEST_CASE][PASSED] - Test Cases/Data_Driven_Testing/TC_Amazon_Search_02: Test Cases/Data_Driven_Testing/TC_Amazon_Search_02

26-01-2024T23:07:03 - [TEST_STEP][PASSED] - openBrowser(""): Browser is opened with url: ''

26-01-2024T23:07:03 - [MESSAGE][INFO] - Starting 'Edge Chromium' driver

26-01-2024T23:07:05 - [MESSAGE][INFO] - Action delay is set to 0 milliseconds

26-01-2024T23:07:06 - [MESSAGE][PASSED] - Browser is opened with url: ''

26-01-2024T23:07:06 - [TEST_STEP][PASSED] - navigateToUrl("https://www.amazon.com/"): Navigate to 'https://www.amazon.com/' successfully

26-01-2024T23:07:08 - [MESSAGE][PASSED] - Navigate to 'https://www.amazon.com/' successfully

26-01-2024T23:07:08 - [TEST_STEP][PASSED] - setText(findTestObject("Object Repository/Amazon_Search_OR/Page_Amazon.com. Spend less. Smile more/input_field-keywords"), "umbrella"): Text 'umbrella' is set on object 'Object Repository/Amazon_Search_OR/Page_Amazon.com. Spend less. Smile more/input_field-keywords'

26-01-2024T23:07:11 - [MESSAGE][PASSED] - Text 'umbrella' is set on object 'Object Repository/Amazon_Search_OR/Page_Amazon.com. Spend less. Smile more/input_field-keywords'

26-01-2024T23:07:11 - [TEST_STEP][PASSED] - click(findTestObject("Object Repository/Amazon_Search_OR/Page_Amazon.com. Spend less. Smile more/inputnav-search-submit-button")): Object: 'Object Repository/Amazon_Search_OR/Page_Amazon.com. Spend less. Smile more/inputnav-search-submit-button' is clicked on

26-01-2024T23:07:17 - [MESSAGE][PASSED] - Object: 'Object Repository/Amazon_Search_OR/Page_Amazon.com. Spend less. Smile more/inputnav-search-submit-button' is clicked on

26-01-2024T23:07:17 - [TEST_STEP][PASSED] - closeBrowser(): Browser is closed

26-01-2024T23:07:17 - [MESSAGE][PASSED] - Browser is closed]]></system-out>
         <system-err><![CDATA[]]></system-err>
      </testcase>
      <testcase name="Test Cases/Data_Driven_Testing/TC_Amazon_Search_02" time="10.837" classname="Test Cases/Data_Driven_Testing/TC_Amazon_Search_02" status="PASSED">
         <system-out><![CDATA[26-01-2024T23:07:17 - [TEST_CASE][PASSED] - Test Cases/Data_Driven_Testing/TC_Amazon_Search_02: Test Cases/Data_Driven_Testing/TC_Amazon_Search_02

26-01-2024T23:07:17 - [TEST_STEP][PASSED] - openBrowser(""): Browser is opened with url: ''

26-01-2024T23:07:17 - [MESSAGE][INFO] - Starting 'Edge Chromium' driver

26-01-2024T23:07:19 - [MESSAGE][INFO] - Action delay is set to 0 milliseconds

26-01-2024T23:07:20 - [MESSAGE][PASSED] - Browser is opened with url: ''

26-01-2024T23:07:20 - [TEST_STEP][PASSED] - navigateToUrl("https://www.amazon.com/"): Navigate to 'https://www.amazon.com/' successfully

26-01-2024T23:07:22 - [MESSAGE][PASSED] - Navigate to 'https://www.amazon.com/' successfully

26-01-2024T23:07:22 - [TEST_STEP][PASSED] - setText(findTestObject("Object Repository/Amazon_Search_OR/Page_Amazon.com. Spend less. Smile more/input_field-keywords"), "umbrella"): Text 'umbrella' is set on object 'Object Repository/Amazon_Search_OR/Page_Amazon.com. Spend less. Smile more/input_field-keywords'

26-01-2024T23:07:23 - [MESSAGE][PASSED] - Text 'umbrella' is set on object 'Object Repository/Amazon_Search_OR/Page_Amazon.com. Spend less. Smile more/input_field-keywords'

26-01-2024T23:07:23 - [TEST_STEP][PASSED] - click(findTestObject("Object Repository/Amazon_Search_OR/Page_Amazon.com. Spend less. Smile more/inputnav-search-submit-button")): Object: 'Object Repository/Amazon_Search_OR/Page_Amazon.com. Spend less. Smile more/inputnav-search-submit-button' is clicked on

26-01-2024T23:07:28 - [MESSAGE][PASSED] - Object: 'Object Repository/Amazon_Search_OR/Page_Amazon.com. Spend less. Smile more/inputnav-search-submit-button' is clicked on

26-01-2024T23:07:28 - [TEST_STEP][PASSED] - closeBrowser(): Browser is closed

26-01-2024T23:07:28 - [MESSAGE][PASSED] - Browser is closed]]></system-out>
         <system-err><![CDATA[]]></system-err>
      </testcase>
      <testcase name="Test Cases/Data_Driven_Testing/TC_Amazon_Search_02" time="11.162" classname="Test Cases/Data_Driven_Testing/TC_Amazon_Search_02" status="PASSED">
         <system-out><![CDATA[26-01-2024T23:07:28 - [TEST_CASE][PASSED] - Test Cases/Data_Driven_Testing/TC_Amazon_Search_02: Test Cases/Data_Driven_Testing/TC_Amazon_Search_02

26-01-2024T23:07:28 - [TEST_STEP][PASSED] - openBrowser(""): Browser is opened with url: ''

26-01-2024T23:07:28 - [MESSAGE][INFO] - Starting 'Edge Chromium' driver

26-01-2024T23:07:30 - [MESSAGE][INFO] - Action delay is set to 0 milliseconds

26-01-2024T23:07:31 - [MESSAGE][PASSED] - Browser is opened with url: ''

26-01-2024T23:07:31 - [TEST_STEP][PASSED] - navigateToUrl("https://www.amazon.com/"): Navigate to 'https://www.amazon.com/' successfully

26-01-2024T23:07:32 - [MESSAGE][PASSED] - Navigate to 'https://www.amazon.com/' successfully

26-01-2024T23:07:32 - [TEST_STEP][PASSED] - setText(findTestObject("Object Repository/Amazon_Search_OR/Page_Amazon.com. Spend less. Smile more/input_field-keywords"), "umbrella"): Text 'umbrella' is set on object 'Object Repository/Amazon_Search_OR/Page_Amazon.com. Spend less. Smile more/input_field-keywords'

26-01-2024T23:07:34 - [MESSAGE][PASSED] - Text 'umbrella' is set on object 'Object Repository/Amazon_Search_OR/Page_Amazon.com. Spend less. Smile more/input_field-keywords'

26-01-2024T23:07:34 - [TEST_STEP][PASSED] - click(findTestObject("Object Repository/Amazon_Search_OR/Page_Amazon.com. Spend less. Smile more/inputnav-search-submit-button")): Object: 'Object Repository/Amazon_Search_OR/Page_Amazon.com. Spend less. Smile more/inputnav-search-submit-button' is clicked on

26-01-2024T23:07:39 - [MESSAGE][PASSED] - Object: 'Object Repository/Amazon_Search_OR/Page_Amazon.com. Spend less. Smile more/inputnav-search-submit-button' is clicked on

26-01-2024T23:07:39 - [TEST_STEP][PASSED] - closeBrowser(): Browser is closed

26-01-2024T23:07:39 - [MESSAGE][PASSED] - Browser is closed]]></system-out>
         <system-err><![CDATA[]]></system-err>
      </testcase>
      <testcase name="Test Cases/Data_Driven_Testing/Tc_Amazon_Wish_03" time="35.97" classname="Test Cases/Data_Driven_Testing/Tc_Amazon_Wish_03" status="PASSED">
         <system-out><![CDATA[26-01-2024T23:07:39 - [TEST_CASE][PASSED] - Test Cases/Data_Driven_Testing/Tc_Amazon_Wish_03: Test Cases/Data_Driven_Testing/Tc_Amazon_Wish_03

26-01-2024T23:07:40 - [TEST_STEP][PASSED] - openBrowser(""): Browser is opened with url: ''

26-01-2024T23:07:40 - [MESSAGE][INFO] - Starting 'Edge Chromium' driver

26-01-2024T23:07:41 - [MESSAGE][INFO] - Action delay is set to 0 milliseconds

26-01-2024T23:07:42 - [MESSAGE][PASSED] - Browser is opened with url: ''

26-01-2024T23:07:42 - [TEST_STEP][PASSED] - navigateToUrl("https://www.amazon.com/"): Navigate to 'https://www.amazon.com/' successfully

26-01-2024T23:07:44 - [MESSAGE][PASSED] - Navigate to 'https://www.amazon.com/' successfully

26-01-2024T23:07:44 - [TEST_STEP][PASSED] - setText(findTestObject("Object Repository/Page_Amazon.com  umbrella/input_field-keywords"), "umbrella"): Text 'umbrella' is set on object 'Object Repository/Page_Amazon.com  umbrella/input_field-keywords'

26-01-2024T23:07:58 - [MESSAGE][PASSED] - Text 'umbrella' is set on object 'Object Repository/Page_Amazon.com  umbrella/input_field-keywords'

26-01-2024T23:07:58 - [TEST_STEP][PASSED] - click(findTestObject("Object Repository/Page_Amazon.com  umbrella/inputnav-search-submit-button")): Object: 'Object Repository/Page_Amazon.com  umbrella/inputnav-search-submit-button' is clicked on

26-01-2024T23:08:04 - [MESSAGE][PASSED] - Object: 'Object Repository/Page_Amazon.com  umbrella/inputnav-search-submit-button' is clicked on

26-01-2024T23:08:04 - [TEST_STEP][PASSED] - click(findTestObject("Object Repository/Page_Amazon.com  umbrella/img_s-image")): Object: 'Object Repository/Page_Amazon.com  umbrella/img_s-image' is clicked on

26-01-2024T23:08:11 - [MESSAGE][PASSED] - Object: 'Object Repository/Page_Amazon.com  umbrella/img_s-image' is clicked on

26-01-2024T23:08:11 - [TEST_STEP][PASSED] - click(findTestObject("Object Repository/Page_Amazon.com Anntrue Windproof Travel Um_6413a8/a_Add to List")): Object: 'Object Repository/Page_Amazon.com Anntrue Windproof Travel Um_6413a8/a_Add to List' is clicked on

26-01-2024T23:08:15 - [MESSAGE][PASSED] - Object: 'Object Repository/Page_Amazon.com Anntrue Windproof Travel Um_6413a8/a_Add to List' is clicked on

26-01-2024T23:08:15 - [TEST_STEP][PASSED] - closeBrowser(): Browser is closed

26-01-2024T23:08:15 - [MESSAGE][PASSED] - Browser is closed]]></system-out>
         <system-err><![CDATA[]]></system-err>
      </testcase>
      <testcase name="Test Cases/Data_Driven_Testing/Tc_Amazon_Wish_03" time="21.36" classname="Test Cases/Data_Driven_Testing/Tc_Amazon_Wish_03" status="PASSED">
         <system-out><![CDATA[26-01-2024T23:08:15 - [TEST_CASE][PASSED] - Test Cases/Data_Driven_Testing/Tc_Amazon_Wish_03: Test Cases/Data_Driven_Testing/Tc_Amazon_Wish_03

26-01-2024T23:08:15 - [TEST_STEP][PASSED] - openBrowser(""): Browser is opened with url: ''

26-01-2024T23:08:15 - [MESSAGE][INFO] - Starting 'Edge Chromium' driver

26-01-2024T23:08:17 - [MESSAGE][INFO] - Action delay is set to 0 milliseconds

26-01-2024T23:08:19 - [MESSAGE][PASSED] - Browser is opened with url: ''

26-01-2024T23:08:19 - [TEST_STEP][PASSED] - navigateToUrl("https://www.amazon.com/"): Navigate to 'https://www.amazon.com/' successfully

26-01-2024T23:08:21 - [MESSAGE][PASSED] - Navigate to 'https://www.amazon.com/' successfully

26-01-2024T23:08:21 - [TEST_STEP][PASSED] - setText(findTestObject("Object Repository/Page_Amazon.com  umbrella/input_field-keywords"), "umbrella"): Text 'umbrella' is set on object 'Object Repository/Page_Amazon.com  umbrella/input_field-keywords'

26-01-2024T23:08:22 - [MESSAGE][PASSED] - Text 'umbrella' is set on object 'Object Repository/Page_Amazon.com  umbrella/input_field-keywords'

26-01-2024T23:08:22 - [TEST_STEP][PASSED] - click(findTestObject("Object Repository/Page_Amazon.com  umbrella/inputnav-search-submit-button")): Object: 'Object Repository/Page_Amazon.com  umbrella/inputnav-search-submit-button' is clicked on

26-01-2024T23:08:28 - [MESSAGE][PASSED] - Object: 'Object Repository/Page_Amazon.com  umbrella/inputnav-search-submit-button' is clicked on

26-01-2024T23:08:28 - [TEST_STEP][PASSED] - click(findTestObject("Object Repository/Page_Amazon.com  umbrella/img_s-image")): Object: 'Object Repository/Page_Amazon.com  umbrella/img_s-image' is clicked on

26-01-2024T23:08:33 - [MESSAGE][PASSED] - Object: 'Object Repository/Page_Amazon.com  umbrella/img_s-image' is clicked on

26-01-2024T23:08:33 - [TEST_STEP][PASSED] - click(findTestObject("Object Repository/Page_Amazon.com Anntrue Windproof Travel Um_6413a8/a_Add to List")): Object: 'Object Repository/Page_Amazon.com Anntrue Windproof Travel Um_6413a8/a_Add to List' is clicked on

26-01-2024T23:08:36 - [MESSAGE][PASSED] - Object: 'Object Repository/Page_Amazon.com Anntrue Windproof Travel Um_6413a8/a_Add to List' is clicked on

26-01-2024T23:08:36 - [TEST_STEP][PASSED] - closeBrowser(): Browser is closed

26-01-2024T23:08:37 - [MESSAGE][PASSED] - Browser is closed]]></system-out>
         <system-err><![CDATA[]]></system-err>
      </testcase>
      <testcase name="Test Cases/Data_Driven_Testing/Tc_Amazon_Wish_03" time="42.096" classname="Test Cases/Data_Driven_Testing/Tc_Amazon_Wish_03" status="PASSED">
         <system-out><![CDATA[26-01-2024T23:08:37 - [TEST_CASE][PASSED] - Test Cases/Data_Driven_Testing/Tc_Amazon_Wish_03: Test Cases/Data_Driven_Testing/Tc_Amazon_Wish_03

26-01-2024T23:08:37 - [TEST_STEP][PASSED] - openBrowser(""): Browser is opened with url: ''

26-01-2024T23:08:37 - [MESSAGE][INFO] - Starting 'Edge Chromium' driver

26-01-2024T23:08:39 - [MESSAGE][INFO] - Action delay is set to 0 milliseconds

26-01-2024T23:08:40 - [MESSAGE][PASSED] - Browser is opened with url: ''

26-01-2024T23:08:40 - [TEST_STEP][PASSED] - navigateToUrl("https://www.amazon.com/"): Navigate to 'https://www.amazon.com/' successfully

26-01-2024T23:08:42 - [MESSAGE][PASSED] - Navigate to 'https://www.amazon.com/' successfully

26-01-2024T23:08:42 - [TEST_STEP][PASSED] - setText(findTestObject("Object Repository/Page_Amazon.com  umbrella/input_field-keywords"), "umbrella"): Text 'umbrella' is set on object 'Object Repository/Page_Amazon.com  umbrella/input_field-keywords'

26-01-2024T23:09:03 - [MESSAGE][PASSED] - Text 'umbrella' is set on object 'Object Repository/Page_Amazon.com  umbrella/input_field-keywords'

26-01-2024T23:09:03 - [TEST_STEP][PASSED] - click(findTestObject("Object Repository/Page_Amazon.com  umbrella/inputnav-search-submit-button")): Object: 'Object Repository/Page_Amazon.com  umbrella/inputnav-search-submit-button' is clicked on

26-01-2024T23:09:09 - [MESSAGE][PASSED] - Object: 'Object Repository/Page_Amazon.com  umbrella/inputnav-search-submit-button' is clicked on

26-01-2024T23:09:09 - [TEST_STEP][PASSED] - click(findTestObject("Object Repository/Page_Amazon.com  umbrella/img_s-image")): Object: 'Object Repository/Page_Amazon.com  umbrella/img_s-image' is clicked on

26-01-2024T23:09:15 - [MESSAGE][PASSED] - Object: 'Object Repository/Page_Amazon.com  umbrella/img_s-image' is clicked on

26-01-2024T23:09:15 - [TEST_STEP][PASSED] - click(findTestObject("Object Repository/Page_Amazon.com Anntrue Windproof Travel Um_6413a8/a_Add to List")): Object: 'Object Repository/Page_Amazon.com Anntrue Windproof Travel Um_6413a8/a_Add to List' is clicked on

26-01-2024T23:09:19 - [MESSAGE][PASSED] - Object: 'Object Repository/Page_Amazon.com Anntrue Windproof Travel Um_6413a8/a_Add to List' is clicked on

26-01-2024T23:09:19 - [TEST_STEP][PASSED] - closeBrowser(): Browser is closed

26-01-2024T23:09:19 - [MESSAGE][PASSED] - Browser is closed]]></system-out>
         <system-err><![CDATA[]]></system-err>
      </testcase>
      <system-out><![CDATA[26-01-2024T23:03:46 - [TEST_SUITE][FAILED] - Amazon_Wish_Search: Test Cases/Data_Driven_Testing/TC_Amazon_Search_02 FAILED.
Reason:
com.kms.katalon.core.exception.StepFailedException: Unable to set text 'umbrella' of object 'Object Repository/Amazon_Search_OR/Page_Amazon.com. Spend less. Smile more/input_field-keywords'
	at com.kms.katalon.core.webui.keyword.internal.WebUIKeywordMain.stepFailed(WebUIKeywordMain.groovy:64)
	at com.kms.katalon.core.webui.keyword.internal.WebUIKeywordMain.runKeyword(WebUIKeywordMain.groovy:26)
	at com.kms.katalon.core.webui.keyword.builtin.SetTextKeyword.setText(SetTextKeyword.groovy:66)
	at com.kms.katalon.core.webui.keyword.builtin.SetTextKeyword.execute(SetTextKeyword.groovy:37)
	at com.kms.katalon.core.keyword.internal.KeywordExecutor.executeKeywordForPlatform(KeywordExecutor.groovy:74)
	at com.kms.katalon.core.webui.keyword.WebUiBuiltInKeywords.setText(WebUiBuiltInKeywords.groovy:1019)
	at TC_Amazon_Search_02.run(TC_Amazon_Search_02:24)
	at com.kms.katalon.core.main.ScriptEngine.run(ScriptEngine.java:194)
	at com.kms.katalon.core.main.ScriptEngine.runScriptAsRawText(ScriptEngine.java:119)
	at com.kms.katalon.core.main.TestCaseExecutor.runScript(TestCaseExecutor.java:448)
	at com.kms.katalon.core.main.TestCaseExecutor.doExecute(TestCaseExecutor.java:439)
	at com.kms.katalon.core.main.TestCaseExecutor.processExecutionPhase(TestCaseExecutor.java:418)
	at com.kms.katalon.core.main.TestCaseExecutor.accessMainPhase(TestCaseExecutor.java:410)
	at com.kms.katalon.core.main.TestCaseExecutor.execute(TestCaseExecutor.java:285)
	at com.kms.katalon.core.common.CommonExecutor.accessTestCaseMainPhase(CommonExecutor.java:65)
	at com.kms.katalon.core.main.TestSuiteExecutor.accessTestSuiteMainPhase(TestSuiteExecutor.java:148)
	at com.kms.katalon.core.main.TestSuiteExecutor.execute(TestSuiteExecutor.java:106)
	at com.kms.katalon.core.main.TestCaseMain.startTestSuite(TestCaseMain.java:180)
	at TempTestSuite1706289807210.run(TempTestSuite1706289807210.groovy:36)
	at java.base/jdk.internal.reflect.NativeMethodAccessorImpl.invoke0(Native Method)
	at java.base/jdk.internal.reflect.NativeMethodAccessorImpl.invoke(NativeMethodAccessorImpl.java:77)
	at java.base/jdk.internal.reflect.DelegatingMethodAccessorImpl.invoke(DelegatingMethodAccessorImpl.java:43)
Caused by: com.kms.katalon.core.webui.exception.WebElementNotFoundException: Web element with id: 'Object Repository/Amazon_Search_OR/Page_Amazon.com. Spend less. Smile more/input_field-keywords' located by '//input[@id='twotabsearchtextbox']' not found
	at com.kms.katalon.core.webui.common.WebUiCommonHelper.findWebElement(WebUiCommonHelper.java:1379)
	at com.kms.katalon.core.webui.keyword.internal.WebUIAbstractKeyword.findWebElement(WebUIAbstractKeyword.groovy:27)
	at com.kms.katalon.core.webui.keyword.internal.WebUIAbstractKeyword.findWebElement(WebUIAbstractKeyword.groovy:26)
	at com.kms.katalon.core.webui.keyword.builtin.SetTextKeyword$_setText_closure1.doCall(SetTextKeyword.groovy:51)
	at com.kms.katalon.core.webui.keyword.builtin.SetTextKeyword$_setText_closure1.call(SetTextKeyword.groovy)
	at com.kms.katalon.core.webui.keyword.internal.WebUIKeywordMain.runKeyword(WebUIKeywordMain.groovy:20)
	... 20 more]]></system-out>
      <system-err><![CDATA[26-01-2024T23:03:46 - [TEST_SUITE][FAILED] - Amazon_Wish_Search: Test Cases/Data_Driven_Testing/TC_Amazon_Search_02 FAILED.
Reason:
com.kms.katalon.core.exception.StepFailedException: Unable to set text 'umbrella' of object 'Object Repository/Amazon_Search_OR/Page_Amazon.com. Spend less. Smile more/input_field-keywords'
	at com.kms.katalon.core.webui.keyword.internal.WebUIKeywordMain.stepFailed(WebUIKeywordMain.groovy:64)
	at com.kms.katalon.core.webui.keyword.internal.WebUIKeywordMain.runKeyword(WebUIKeywordMain.groovy:26)
	at com.kms.katalon.core.webui.keyword.builtin.SetTextKeyword.setText(SetTextKeyword.groovy:66)
	at com.kms.katalon.core.webui.keyword.builtin.SetTextKeyword.execute(SetTextKeyword.groovy:37)
	at com.kms.katalon.core.keyword.internal.KeywordExecutor.executeKeywordForPlatform(KeywordExecutor.groovy:74)
	at com.kms.katalon.core.webui.keyword.WebUiBuiltInKeywords.setText(WebUiBuiltInKeywords.groovy:1019)
	at TC_Amazon_Search_02.run(TC_Amazon_Search_02:24)
	at com.kms.katalon.core.main.ScriptEngine.run(ScriptEngine.java:194)
	at com.kms.katalon.core.main.ScriptEngine.runScriptAsRawText(ScriptEngine.java:119)
	at com.kms.katalon.core.main.TestCaseExecutor.runScript(TestCaseExecutor.java:448)
	at com.kms.katalon.core.main.TestCaseExecutor.doExecute(TestCaseExecutor.java:439)
	at com.kms.katalon.core.main.TestCaseExecutor.processExecutionPhase(TestCaseExecutor.java:418)
	at com.kms.katalon.core.main.TestCaseExecutor.accessMainPhase(TestCaseExecutor.java:410)
	at com.kms.katalon.core.main.TestCaseExecutor.execute(TestCaseExecutor.java:285)
	at com.kms.katalon.core.common.CommonExecutor.accessTestCaseMainPhase(CommonExecutor.java:65)
	at com.kms.katalon.core.main.TestSuiteExecutor.accessTestSuiteMainPhase(TestSuiteExecutor.java:148)
	at com.kms.katalon.core.main.TestSuiteExecutor.execute(TestSuiteExecutor.java:106)
	at com.kms.katalon.core.main.TestCaseMain.startTestSuite(TestCaseMain.java:180)
	at TempTestSuite1706289807210.run(TempTestSuite1706289807210.groovy:36)
	at java.base/jdk.internal.reflect.NativeMethodAccessorImpl.invoke0(Native Method)
	at java.base/jdk.internal.reflect.NativeMethodAccessorImpl.invoke(NativeMethodAccessorImpl.java:77)
	at java.base/jdk.internal.reflect.DelegatingMethodAccessorImpl.invoke(DelegatingMethodAccessorImpl.java:43)
Caused by: com.kms.katalon.core.webui.exception.WebElementNotFoundException: Web element with id: 'Object Repository/Amazon_Search_OR/Page_Amazon.com. Spend less. Smile more/input_field-keywords' located by '//input[@id='twotabsearchtextbox']' not found
	at com.kms.katalon.core.webui.common.WebUiCommonHelper.findWebElement(WebUiCommonHelper.java:1379)
	at com.kms.katalon.core.webui.keyword.internal.WebUIAbstractKeyword.findWebElement(WebUIAbstractKeyword.groovy:27)
	at com.kms.katalon.core.webui.keyword.internal.WebUIAbstractKeyword.findWebElement(WebUIAbstractKeyword.groovy:26)
	at com.kms.katalon.core.webui.keyword.builtin.SetTextKeyword$_setText_closure1.doCall(SetTextKeyword.groovy:51)
	at com.kms.katalon.core.webui.keyword.builtin.SetTextKeyword$_setText_closure1.call(SetTextKeyword.groovy)
	at com.kms.katalon.core.webui.keyword.internal.WebUIKeywordMain.runKeyword(WebUIKeywordMain.groovy:20)
	... 20 more]]></system-err>
   </testsuite>
</testsuites>
